#
# A fatal error has been detected by the Java Runtime Environment:
#
#  SIGSEGV (0xb) at pc=0x00007f9a898f1c29, pid=37082, tid=37090
#
# JRE version: OpenJDK Runtime Environment Temurin-17.0.2+8 (17.0.2+8) (build 17.0.2+8)
# Java VM: OpenJDK 64-Bit Server VM Temurin-17.0.2+8 (17.0.2+8, mixed mode, tiered, compressed oops, compressed class ptrs, parallel gc, linux-amd64)
# Problematic frame:
# V  [libjvm.so+0xc9fc29]  void OopOopIterateBackwardsDispatch<PSPushContentsClosure>::Table::oop_oop_iterate_backwards<InstanceKlass, narrowOop>(PSPushContentsClosure*, oopDesc*, Klass*)+0xa9
#
# Core dump will be written. Default location: Core dumps may be processed with "/usr/share/apport/apport %p %s %c %d %P %E" (or dumping to /home/james/Comp3100Project/core.37082)
#
# If you would like to submit a bug report, please visit:
#   https://github.com/adoptium/adoptium-support/issues
#

---------------  S U M M A R Y ------------

Command Line: --add-modules=ALL-SYSTEM --add-opens=java.base/java.util=ALL-UNNAMED --add-opens=java.base/java.lang=ALL-UNNAMED --add-opens=java.base/sun.nio.fs=ALL-UNNAMED -Declipse.application=org.eclipse.jdt.ls.core.id1 -Dosgi.bundles.defaultStartLevel=4 -Declipse.product=org.eclipse.jdt.ls.core.product -Djava.import.generatesMetadataFilesAtProjectRoot=false -Dfile.encoding=utf8 -XX:+UseParallelGC -XX:GCTimeRatio=4 -XX:AdaptiveSizePolicyWeight=90 -Dsun.zip.disableMemoryMapping=true -Xmx1G -Xms100m -XX:+HeapDumpOnOutOfMemoryError -XX:HeapDumpPath=/home/james/.config/Code/User/workspaceStorage/1fec0855a8ac246024c1622ea1838c54/redhat.java /home/james/.vscode/extensions/redhat.java-1.5.0/server/plugins/org.eclipse.equinox.launcher_1.6.400.v20210924-0641.jar -configuration /home/james/.config/Code/User/globalStorage/redhat.java/1.5.0/config_linux -data /home/james/.config/Code/User/workspaceStorage/1fec0855a8ac246024c1622ea1838c54/redhat.java/jdt_ws

Host: AMD Ryzen 5 2600 Six-Core Processor, 1 cores, 17G, Ubuntu 20.04.4 LTS
Time: Sat Apr 30 13:59:58 2022 AEST elapsed time: 865.705505 seconds (0d 0h 14m 25s)

---------------  T H R E A D  ---------------

Current thread (0x00007f9a8403b680):  GCTaskThread "GC Thread#0" [stack: 0x00007f9a880ba000,0x00007f9a881ba000] [id=37090]

Stack: [0x00007f9a880ba000,0x00007f9a881ba000],  sp=0x00007f9a881b8b90,  free space=1018k
Native frames: (J=compiled Java code, j=interpreted, Vv=VM code, C=native code)
V  [libjvm.so+0xc9fc29]  void OopOopIterateBackwardsDispatch<PSPushContentsClosure>::Table::oop_oop_iterate_backwards<InstanceKlass, narrowOop>(PSPushContentsClosure*, oopDesc*, Klass*)+0xa9
V  [libjvm.so+0xc9dab0]  PSCardTable::scavenge_contents_parallel(ObjectStartArray*, MutableSpace*, HeapWordImpl**, PSPromotionManager*, unsigned int, unsigned int)+0x810
V  [libjvm.so+0xcbf1b4]  ScavengeRootsTask::work(unsigned int)+0xd4
V  [libjvm.so+0xfb005c]  GangWorker::loop()+0x5c
V  [libjvm.so+0xfb00ae]
V  [libjvm.so+0xf062e2]  Thread::call_run()+0xe2
V  [libjvm.so+0xc40b81]  thread_native_entry(Thread*)+0xe1


siginfo: si_signo: 11 (SIGSEGV), si_code: 2 (SEGV_ACCERR), si_addr: 0x000000012c15e134

Register to memory mapping:

RAX=0x000000012c13e2d0 is an unknown value
RBX=0x000000012c15e134 is an unknown value
RCX=0x0000000000000008 is an unknown value
RDX=0x000000012c15e138 is an unknown value
RSP=0x00007f9a881b8b90 points into unknown readable memory: 0x00007f9a8a1f3330 | 30 33 1f 8a 9a 7f 00 00
RBP=0x00007f9a881b8bf0 points into unknown readable memory: 0x00007f9a881b8cd0 | d0 8c 1b 88 9a 7f 00 00
RSI=0x00000000c093e2a8 is an oop: org.eclipse.jdt.ls.core.internal.handlers.BaseDocumentLifeCycleHandler$1 
{0x00000000c093e2a8} - klass: 'org/eclipse/jdt/ls/core/internal/handlers/BaseDocumentLifeCycleHandler$1'
 - ---- fields (total size 12 words):
 - private volatile 'flags' 'I' @12  0
 - private 'startTime' 'J' @16  -1 (ffffffff ffffffff)
 - private 'waitQueueStamp' 'J' @24  -1 (ffffffff ffffffff)
 - private final 'jobNumber' 'I' @32  24 (18)
 - private 'priority' 'I' @36  30 (1e)
 - private final 'listeners' 'Lorg/eclipse/core/runtime/ListenerList;' @40  a 'org/eclipse/core/runtime/ListenerList'{0x00000000c093e308} (c093e308)
 - private volatile 'monitor' 'Lorg/eclipse/core/runtime/IProgressMonitor;' @44  NULL (0)
 - private 'name' 'Ljava/lang/String;' @48  "Validate documents"{0x00000000c093e320} (c093e320)
 - private 'jobGroup' 'Lorg/eclipse/core/runtime/jobs/JobGroup;' @52  NULL (0)
 - private 'next' 'Lorg/eclipse/core/internal/jobs/InternalJob;' @56  NULL (0)
 - private 'previous' 'Lorg/eclipse/core/internal/jobs/InternalJob;' @60  NULL (0)
 - private 'properties' 'Lorg/eclipse/core/internal/jobs/ObjectMap;' @64  NULL (0)
 - private volatile 'result' 'Lorg/eclipse/core/runtime/IStatus;' @68  a 'org/eclipse/core/runtime/Status'{0x00000000c0531278} (c0531278)
 - private 'schedulingRule' 'Lorg/eclipse/core/runtime/jobs/ISchedulingRule;' @72  a 'org/eclipse/core/internal/resources/Folder'{0x00000000eaf428b8} (eaf428b8)
 - private volatile 'thread' 'Ljava/lang/Thread;' @76  NULL (0)
 - final 'jobStateLock' 'Ljava/lang/Object;' @80  a 'java/lang/Object'{0x00000000c093e360} (c093e360)
 - private 'workspace' 'Lorg/eclipse/core/internal/resources/Workspace;' @84  a 'org/eclipse/core/internal/resources/Workspace'{0x00000000c05310d0} (c05310d0)
 - final synthetic 'this$0' 'Lorg/eclipse/jdt/ls/core/internal/handlers/BaseDocumentLifeCycleHandler;' @88  a 'org/eclipse/jdt/ls/core/internal/handlers/DocumentLifeCycleHandler'{0x00000000c093e278} (c093e278)
RDI=0x00007f9a881b8c80 points into unknown readable memory: 0x00007f9a8a14b2f0 | f0 b2 14 8a 9a 7f 00 00
R8 =0x00007f9a881b8c80 points into unknown readable memory: 0x00007f9a8a14b2f0 | f0 b2 14 8a 9a 7f 00 00
R9 =0x0 is NULL
R10=0x00000001003a6248 is pointing into metadata
R11=0x00000000c093e2a8 is an oop: org.eclipse.jdt.ls.core.internal.handlers.BaseDocumentLifeCycleHandler$1 
{0x00000000c093e2a8} - klass: 'org/eclipse/jdt/ls/core/internal/handlers/BaseDocumentLifeCycleHandler$1'
 - ---- fields (total size 12 words):
 - private volatile 'flags' 'I' @12  0
 - private 'startTime' 'J' @16  -1 (ffffffff ffffffff)
 - private 'waitQueueStamp' 'J' @24  -1 (ffffffff ffffffff)
 - private final 'jobNumber' 'I' @32  24 (18)
 - private 'priority' 'I' @36  30 (1e)
 - private final 'listeners' 'Lorg/eclipse/core/runtime/ListenerList;' @40  a 'org/eclipse/core/runtime/ListenerList'{0x00000000c093e308} (c093e308)
 - private volatile 'monitor' 'Lorg/eclipse/core/runtime/IProgressMonitor;' @44  NULL (0)
 - private 'name' 'Ljava/lang/String;' @48  "Validate documents"{0x00000000c093e320} (c093e320)
 - private 'jobGroup' 'Lorg/eclipse/core/runtime/jobs/JobGroup;' @52  NULL (0)
 - private 'next' 'Lorg/eclipse/core/internal/jobs/InternalJob;' @56  NULL (0)
 - private 'previous' 'Lorg/eclipse/core/internal/jobs/InternalJob;' @60  NULL (0)
 - private 'properties' 'Lorg/eclipse/core/internal/jobs/ObjectMap;' @64  NULL (0)
 - private volatile 'result' 'Lorg/eclipse/core/runtime/IStatus;' @68  a 'org/eclipse/core/runtime/Status'{0x00000000c0531278} (c0531278)
 - private 'schedulingRule' 'Lorg/eclipse/core/runtime/jobs/ISchedulingRule;' @72  a 'org/eclipse/core/internal/resources/Folder'{0x00000000eaf428b8} (eaf428b8)
 - private volatile 'thread' 'Ljava/lang/Thread;' @76  NULL (0)
 - final 'jobStateLock' 'Ljava/lang/Object;' @80  a 'java/lang/Object'{0x00000000c093e360} (c093e360)
 - private 'workspace' 'Lorg/eclipse/core/internal/resources/Workspace;' @84  a 'org/eclipse/core/internal/resources/Workspace'{0x00000000c05310d0} (c05310d0)
 - final synthetic 'this$0' 'Lorg/eclipse/jdt/ls/core/internal/handlers/BaseDocumentLifeCycleHandler;' @88  a 'org/eclipse/jdt/ls/core/internal/handlers/DocumentLifeCycleHandler'{0x00000000c093e278} (c093e278)
R12=0x00000000c093e2a8 is an oop: org.eclipse.jdt.ls.core.internal.handlers.BaseDocumentLifeCycleHandler$1 
{0x00000000c093e2a8} - klass: 'org/eclipse/jdt/ls/core/internal/handlers/BaseDocumentLifeCycleHandler$1'
 - ---- fields (total size 12 words):
 - private volatile 'flags' 'I' @12  0
 - private 'startTime' 'J' @16  -1 (ffffffff ffffffff)
 - private 'waitQueueStamp' 'J' @24  -1 (ffffffff ffffffff)
 - private final 'jobNumber' 'I' @32  24 (18)
 - private 'priority' 'I' @36  30 (1e)
 - private final 'listeners' 'Lorg/eclipse/core/runtime/ListenerList;' @40  a 'org/eclipse/core/runtime/ListenerList'{0x00000000c093e308} (c093e308)
 - private volatile 'monitor' 'Lorg/eclipse/core/runtime/IProgressMonitor;' @44  NULL (0)
 - private 'name' 'Ljava/lang/String;' @48  "Validate documents"{0x00000000c093e320} (c093e320)
 - private 'jobGroup' 'Lorg/eclipse/core/runtime/jobs/JobGroup;' @52  NULL (0)
 - private 'next' 'Lorg/eclipse/core/internal/jobs/InternalJob;' @56  NULL (0)
 - private 'previous' 'Lorg/eclipse/core/internal/jobs/InternalJob;' @60  NULL (0)
 - private 'properties' 'Lorg/eclipse/core/internal/jobs/ObjectMap;' @64  NULL (0)
 - private volatile 'result' 'Lorg/eclipse/core/runtime/IStatus;' @68  a 'org/eclipse/core/runtime/Status'{0x00000000c0531278} (c0531278)
 - private 'schedulingRule' 'Lorg/eclipse/core/runtime/jobs/ISchedulingRule;' @72  a 'org/eclipse/core/internal/resources/Folder'{0x00000000eaf428b8} (eaf428b8)
 - private volatile 'thread' 'Ljava/lang/Thread;' @76  NULL (0)
 - final 'jobStateLock' 'Ljava/lang/Object;' @80  a 'java/lang/Object'{0x00000000c093e360} (c093e360)
 - private 'workspace' 'Lorg/eclipse/core/internal/resources/Workspace;' @84  a 'org/eclipse/core/internal/resources/Workspace'{0x00000000c05310d0} (c05310d0)
 - final synthetic 'this$0' 'Lorg/eclipse/jdt/ls/core/internal/handlers/BaseDocumentLifeCycleHandler;' @88  a 'org/eclipse/jdt/ls/core/internal/handlers/DocumentLifeCycleHandler'{0x00000000c093e278} (c093e278)
R13=0x000000012c13e2d0 is an unknown value
R14=0x00007f9a8a2559e8: <offset 0x00000000016039e8> in /home/james/.vscode/extensions/redhat.java-1.5.0/jre/17.0.2-linux-x86_64/lib/server/libjvm.so at 0x00007f9a88c52000
R15=0x00000001003a6348 is pointing into metadata


Registers:
RAX=0x000000012c13e2d0, RBX=0x000000012c15e134, RCX=0x0000000000000008, RDX=0x000000012c15e138
RSP=0x00007f9a881b8b90, RBP=0x00007f9a881b8bf0, RSI=0x00000000c093e2a8, RDI=0x00007f9a881b8c80
R8 =0x00007f9a881b8c80, R9 =0x0000000000000000, R10=0x00000001003a6248, R11=0x00000000c093e2a8
R12=0x00000000c093e2a8, R13=0x000000012c13e2d0, R14=0x00007f9a8a2559e8, R15=0x00000001003a6348
RIP=0x00007f9a898f1c29, EFLAGS=0x0000000000010213, CSGSFS=0x002b000000000033, ERR=0x0000000000000004
  TRAPNO=0x000000000000000e

Top of Stack: (sp=0x00007f9a881b8b90)
0x00007f9a881b8b90:   00007f9a8a1f3330 00000000d131a02c
0x00007f9a881b8ba0:   00007f9a881b8bf0 00007f9a8990c333
0x00007f9a881b8bb0:   00007f9a881b8c80 01007f9a881b8c80
0x00007f9a881b8bc0:   00000000eb08a5c9 0000000000000240 

Instructions: (pc=0x00007f9a898f1c29)
0x00007f9a898f1b29:   24 08 03 00 00 31 f6 ba 01 00 00 00 e9 6c ff ff
0x00007f9a898f1b39:   ff 48 8d 7e 08 31 d2 be 05 00 00 00 4c 89 5d a8
0x00007f9a898f1b49:   4c 89 45 b0 4c 89 55 b8 4c 89 4d c0 48 89 4d c8
0x00007f9a898f1b59:   e8 e2 f0 71 ff 49 8b 94 24 e8 02 00 00 4c 8b 5d
0x00007f9a898f1b69:   a8 4c 8b 45 b0 4c 8b 55 b8 4c 8b 4d c0 48 8b 4d
0x00007f9a898f1b79:   c8 eb 81 f3 c3 66 90 48 63 42 10 48 63 8a 2c 01
0x00007f9a898f1b89:   00 00 48 01 c8 48 8d 84 c2 d0 01 00 00 8b 92 28
0x00007f9a898f1b99:   01 00 00 48 8d 14 d0 48 39 c2 0f 86 fc 01 00 00
0x00007f9a898f1ba9:   55 41 ba 07 00 00 00 49 89 f3 49 29 c2 49 89 f8
0x00007f9a898f1bb9:   45 31 c9 48 89 e5 41 57 4c 8d 7a f8 41 56 41 55
0x00007f9a898f1bc9:   4d 01 fa 41 54 53 49 f7 d2 49 83 e2 f8 48 83 ec
0x00007f9a898f1bd9:   38 49 01 d2 0f 1f 00 49 63 07 41 8b 57 04 4c 01
0x00007f9a898f1be9:   d8 48 8d 14 90 48 39 c2 0f 86 9d 00 00 00 48 8d
0x00007f9a898f1bf9:   5a fc 41 bd 03 00 00 00 4c 8d 35 e0 3d 96 00 49
0x00007f9a898f1c09:   29 c5 49 01 dd 49 f7 d5 49 83 e5 fc 49 01 d5 eb
0x00007f9a898f1c19:   0f 66 0f 1f 44 00 00 4c 39 eb 74 6f 48 83 eb 04
0x00007f9a898f1c29:   8b 03 49 3b 06 72 f0 48 8d 15 f9 16 90 00 4d 8b
0x00007f9a898f1c39:   60 10 8b 4a 08 48 d3 e0 48 03 02 42 0f 18 0c 08
0x00007f9a898f1c49:   41 8b 84 24 e0 00 00 00 41 8b 94 24 60 01 00 00
0x00007f9a898f1c59:   48 8d 4b 01 89 c7 29 d7 89 fa 81 e2 ff ff 01 00
0x00007f9a898f1c69:   81 fa fd ff 01 00 77 37 49 8b 94 24 e0 01 00 00
0x00007f9a898f1c79:   89 c6 83 c0 01 25 ff ff 01 00 48 89 0c f2 4c 39
0x00007f9a898f1c89:   eb 41 89 84 24 e0 00 00 00 75 91 4d 39 d7 74 47
0x00007f9a898f1c99:   49 83 ef 08 e9 3e ff ff ff 66 0f 1f 44 00 00 49
0x00007f9a898f1ca9:   8b 94 24 00 03 00 00 49 3b 94 24 e8 02 00 00 48
0x00007f9a898f1cb9:   8d 34 d5 00 00 00 00 74 2e 49 8b 84 24 18 03 00
0x00007f9a898f1cc9:   00 48 83 c2 01 48 89 0c 30 49 89 94 24 00 03 00
0x00007f9a898f1cd9:   00 e9 41 ff ff ff 90 48 83 c4 38 5b 41 5c 41 5d
0x00007f9a898f1ce9:   41 5e 41 5f 5d c3 90 49 8b bc 24 10 03 00 00 48
0x00007f9a898f1cf9:   85 ff 74 63 49 8b 84 24 20 03 00 00 48 83 ef 01
0x00007f9a898f1d09:   48 8b 34 30 49 89 bc 24 10 03 00 00 49 89 b4 24
0x00007f9a898f1d19:   20 03 00 00 49 8b b4 24 18 03 00 00 48 85 f6 48 


Stack slot to memory mapping:
stack at sp + 0 slots: 0x00007f9a8a1f3330: <offset 0x00000000015a1330> in /home/james/.vscode/extensions/redhat.java-1.5.0/jre/17.0.2-linux-x86_64/lib/server/libjvm.so at 0x00007f9a88c52000
stack at sp + 1 slots: 0x00000000d131a02c is pointing into object: java.util.ArrayList 
{0x00000000d131a018} - klass: 'java/util/ArrayList'
 - ---- fields (total size 3 words):
 - protected transient 'modCount' 'I' @12  1
 - private 'size' 'I' @16  1
 - transient 'elementData' '[Ljava/lang/Object;' @20  a 'java/lang/Object'[1] {0x00000000d131a030} (d131a030)
stack at sp + 2 slots: 0x00007f9a881b8bf0 points into unknown readable memory: 0x00007f9a881b8cd0 | d0 8c 1b 88 9a 7f 00 00
stack at sp + 3 slots: 0x00007f9a8990c333: <offset 0x0000000000cba333> in /home/james/.vscode/extensions/redhat.java-1.5.0/jre/17.0.2-linux-x86_64/lib/server/libjvm.so at 0x00007f9a88c52000
stack at sp + 4 slots: 0x00007f9a881b8c80 points into unknown readable memory: 0x00007f9a8a14b2f0 | f0 b2 14 8a 9a 7f 00 00
stack at sp + 5 slots: 0x01007f9a881b8c80 is an unknown value
stack at sp + 6 slots: 0x00000000eb08a5c9 points into unknown readable memory: a5 08 eb 00 00 00 00
stack at sp + 7 slots: 0x0000000000000240 is an unknown value


---------------  P R O C E S S  ---------------

Threads class SMR info:
_java_thread_list=0x00007f9a5820c300, length=34, elements={
0x00007f9a84024360, 0x00007f9a840fc400, 0x00007f9a840fd970, 0x00007f9a841254e0,
0x00007f9a84128df0, 0x00007f9a84129d40, 0x00007f9a8412b390, 0x00007f9a8412c840,
0x00007f9a8412dc80, 0x00007f9a84182d60, 0x00007f9a841cdc70, 0x00007f9a843d8a00,
0x00007f9a84404e50, 0x00007f9a844069b0, 0x00007f9a846cb000, 0x0000558fcc969c20,
0x0000558fccc4f800, 0x0000558fcccb3440, 0x0000558fcccbdaf0, 0x0000558fccc91bc0,
0x0000558fcd063450, 0x00007f9a84500b40, 0x00007f9a846eded0, 0x00007f9a54011a60,
0x00007f9a4c83b650, 0x00007f9a5c354370, 0x00007f9a8452be20, 0x0000558fcdb1e980,
0x00007f9a600f6220, 0x00007f9a4c121fc0, 0x0000558fce088720, 0x00007f9a84531580,
0x00007f9a58336f80, 0x00007f9a583473a0
}

Java Threads: ( => current thread )
  0x00007f9a84024360 JavaThread "main" [_thread_blocked, id=37087, stack(0x00007f9a889f8000,0x00007f9a88af9000)]
  0x00007f9a840fc400 JavaThread "Reference Handler" daemon [_thread_blocked, id=37092, stack(0x00007f9a6adee000,0x00007f9a6aeef000)]
  0x00007f9a840fd970 JavaThread "Finalizer" daemon [_thread_blocked, id=37093, stack(0x00007f9a6aced000,0x00007f9a6adee000)]
  0x00007f9a841254e0 JavaThread "Signal Dispatcher" daemon [_thread_blocked, id=37094, stack(0x00007f9a6a67c000,0x00007f9a6a77d000)]
  0x00007f9a84128df0 JavaThread "Service Thread" daemon [_thread_blocked, id=37096, stack(0x00007f9a6a57b000,0x00007f9a6a67c000)]
  0x00007f9a84129d40 JavaThread "Monitor Deflation Thread" daemon [_thread_blocked, id=37097, stack(0x00007f9a6a47a000,0x00007f9a6a57b000)]
  0x00007f9a8412b390 JavaThread "C2 CompilerThread0" daemon [_thread_blocked, id=37098, stack(0x00007f9a6a379000,0x00007f9a6a47a000)]
  0x00007f9a8412c840 JavaThread "C1 CompilerThread0" daemon [_thread_blocked, id=37099, stack(0x00007f9a6a278000,0x00007f9a6a379000)]
  0x00007f9a8412dc80 JavaThread "Sweeper thread" daemon [_thread_blocked, id=37100, stack(0x00007f9a6a177000,0x00007f9a6a278000)]
  0x00007f9a84182d60 JavaThread "Common-Cleaner" daemon [_thread_blocked, id=37103, stack(0x00007f9a6a076000,0x00007f9a6a177000)]
  0x00007f9a841cdc70 JavaThread "Notification Thread" daemon [_thread_blocked, id=37104, stack(0x00007f9a69f75000,0x00007f9a6a076000)]
  0x00007f9a843d8a00 JavaThread "Active Thread: Equinox Container: 10b547ab-4327-4b2f-9b2c-256a3f0c9714" [_thread_blocked, id=37111, stack(0x00007f9a69949000,0x00007f9a69a4a000)]
  0x00007f9a84404e50 JavaThread "Framework Event Dispatcher: Equinox Container: 10b547ab-4327-4b2f-9b2c-256a3f0c9714" daemon [_thread_blocked, id=37114, stack(0x00007f9a69848000,0x00007f9a69949000)]
  0x00007f9a844069b0 JavaThread "Start Level: Equinox Container: 10b547ab-4327-4b2f-9b2c-256a3f0c9714" daemon [_thread_blocked, id=37115, stack(0x00007f9a68eff000,0x00007f9a69000000)]
  0x00007f9a846cb000 JavaThread "Refresh Thread: Equinox Container: 10b547ab-4327-4b2f-9b2c-256a3f0c9714" daemon [_thread_blocked, id=37117, stack(0x00007f9a68dfe000,0x00007f9a68eff000)]
  0x0000558fcc969c20 JavaThread "SCR Component Actor" daemon [_thread_blocked, id=37120, stack(0x00007f9a68aec000,0x00007f9a68bed000)]
  0x0000558fccc4f800 JavaThread "Worker-JM" [_thread_blocked, id=37125, stack(0x00007f9a688ea000,0x00007f9a689eb000)]
  0x0000558fcccb3440 JavaThread "Worker-0" [_thread_blocked, id=37126, stack(0x00007f9a687e9000,0x00007f9a688ea000)]
  0x0000558fcccbdaf0 JavaThread "Worker-1" [_thread_blocked, id=37127, stack(0x00007f9a686e8000,0x00007f9a687e9000)]
  0x0000558fccc91bc0 JavaThread "Java indexing" daemon [_thread_blocked, id=37129, stack(0x00007f9a685e7000,0x00007f9a686e8000)]
  0x0000558fcd063450 JavaThread "Bundle File Closer" daemon [_thread_blocked, id=37130, stack(0x00007f9a682d7000,0x00007f9a683d8000)]
  0x00007f9a84500b40 JavaThread "pool-3-thread-1" [_thread_blocked, id=37133, stack(0x00007f9a681d6000,0x00007f9a682d7000)]
  0x00007f9a846eded0 JavaThread "pool-2-thread-1" [_thread_in_native, id=37135, stack(0x00007f9a53eff000,0x00007f9a54000000)]
  0x00007f9a54011a60 JavaThread "Attach Listener" daemon [_thread_blocked, id=37225, stack(0x00007f9a50cfd000,0x00007f9a50dfe000)]
  0x00007f9a4c83b650 JavaThread "ForkJoinPool.commonPool-worker-4" daemon [_thread_blocked, id=41766, stack(0x00007f9a53dfe000,0x00007f9a53eff000)]
  0x00007f9a5c354370 JavaThread "Worker-7" [_thread_blocked, id=41844, stack(0x00007f9a680d5000,0x00007f9a681d6000)]
  0x00007f9a8452be20 JavaThread "pool-103-thread-1" [_thread_blocked, id=42795, stack(0x00007f9a425fe000,0x00007f9a426ff000)]
  0x0000558fcdb1e980 JavaThread "pool-104-thread-1" [_thread_blocked, id=42796, stack(0x00007f9a41bf4000,0x00007f9a41cf5000)]
  0x00007f9a600f6220 JavaThread "pool-105-thread-1" [_thread_blocked, id=42804, stack(0x00007f9a424fd000,0x00007f9a425fe000)]
  0x00007f9a4c121fc0 JavaThread "Keep-Alive-Timer" daemon [_thread_blocked, id=42815, stack(0x00007f9a504f5000,0x00007f9a505f6000)]
  0x0000558fce088720 JavaThread "pool-106-thread-1" [_thread_blocked, id=42816, stack(0x00007f9a520fc000,0x00007f9a521fd000)]
  0x00007f9a84531580 JavaThread "pool-107-thread-1" [_thread_blocked, id=42826, stack(0x00007f9a41af3000,0x00007f9a41bf4000)]
  0x00007f9a58336f80 JavaThread "Thread-2505" [_thread_blocked, id=42829, stack(0x00007f9a41df6000,0x00007f9a41ef7000)]
  0x00007f9a583473a0 JavaThread "Thread-2506" [_thread_blocked, id=42830, stack(0x00007f9a414ed000,0x00007f9a415ee000)]

Other Threads:
  0x00007f9a840ec430 VMThread "VM Thread" [stack: 0x00007f9a6aef1000,0x00007f9a6aff1000] [id=37091]
  0x00007f9a8406ed70 WatcherThread [stack: 0x00007f9a69e75000,0x00007f9a69f75000] [id=37105]
=>0x00007f9a8403b680 GCTaskThread "GC Thread#0" [stack: 0x00007f9a880ba000,0x00007f9a881ba000] [id=37090]

Threads with active compile tasks:

VM state: at safepoint (normal execution)

VM Mutex/Monitor currently owned by a thread:  ([mutex/lock_event])
[0x00007f9a84020f10] Threads_lock - owner thread: 0x00007f9a840ec430
[0x00007f9a840216c0] Heap_lock - owner thread: 0x00007f9a4c83b650

Heap address: 0x00000000c0000000, size: 1024 MB, Compressed Oops mode: 32-bit

CDS archive(s) not mapped
Compressed class space mapped at: 0x0000000100000000-0x0000000140000000, reserved size: 1073741824
Narrow klass base: 0x0000000000000000, Narrow klass shift: 3, Narrow klass range: 0x140000000

GC Precious Log:
 CPUs: 1 total, 1 available
 Memory: 17570M
 Large Page Support: Disabled
 NUMA Support: Disabled
 Compressed Oops: Enabled (32-bit)
 Alignments: Space 512K, Generation 512K, Heap 2M
 Heap Min Capacity: 100M
 Heap Initial Capacity: 100M
 Heap Max Capacity: 1G
 Pre-touch: Disabled
 Parallel Workers: 1

Heap:
 PSYoungGen      total 6656K, used 5692K [0x00000000eab00000, 0x00000000eb400000, 0x0000000100000000)
  eden space 4096K, 100% used [0x00000000eab00000,0x00000000eaf00000,0x00000000eaf00000)
  from space 2560K, 62% used [0x00000000eaf00000,0x00000000eb08f300,0x00000000eb180000)
  to   space 2048K, 0% used [0x00000000eb200000,0x00000000eb200000,0x00000000eb400000)
 ParOldGen       total 319488K, used 281710K [0x00000000c0000000, 0x00000000d3800000, 0x00000000eab00000)
  object space 319488K, 88% used [0x00000000c0000000,0x00000000d131b9e0,0x00000000d3800000)
 Metaspace       used 78832K, committed 79680K, reserved 1122304K
  class space    used 7923K, committed 8320K, reserved 1048576K

Card table byte_map: [0x00007f9a881ba000,0x00007f9a883bb000] _byte_map_base: 0x00007f9a87bba000

Marking Bits: (ParMarkBitMap*) 0x00007f9a8a2554a0
 Begin Bits: [0x00007f9a702aa000, 0x00007f9a712aa000)
 End Bits:   [0x00007f9a712aa000, 0x00007f9a722aa000)

Polling page: 0x00007f9a8a6d4000

Metaspace:

Usage:
  Non-class:     69.25 MB used.
      Class:      7.74 MB used.
       Both:     76.98 MB used.

Virtual space:
  Non-class space:       72.00 MB reserved,      69.69 MB ( 97%) committed,  9 nodes.
      Class space:        1.00 GB reserved,       8.12 MB ( <1%) committed,  1 nodes.
             Both:        1.07 GB reserved,      77.81 MB (  7%) committed. 

Chunk freelists:
   Non-Class:  2.00 MB
       Class:  3.89 MB
        Both:  5.89 MB

MaxMetaspaceSize: unlimited
CompressedClassSpaceSize: 1.00 GB
Initial GC threshold: 21.00 MB
Current GC threshold: 129.38 MB
CDS: off
MetaspaceReclaimPolicy: balanced
 - commit_granule_bytes: 65536.
 - commit_granule_words: 8192.
 - virtual_space_node_default_size: 1048576.
 - enlarge_chunks_in_place: 1.
 - new_chunks_are_fully_committed: 0.
 - uncommit_free_chunks: 1.
 - use_allocation_guard: 0.
 - handle_deallocations: 1.


Internal statistics:

num_allocs_failed_limit: 6.
num_arena_births: 462.
num_arena_deaths: 0.
num_vsnodes_births: 10.
num_vsnodes_deaths: 0.
num_space_committed: 1245.
num_space_uncommitted: 0.
num_chunks_returned_to_freelist: 6.
num_chunks_taken_from_freelist: 3366.
num_chunk_merges: 6.
num_chunk_splits: 2183.
num_chunks_enlarged: 1380.
num_purges: 0.
num_inconsistent_stats: 0.

CodeHeap 'non-profiled nmethods': size=120036Kb used=10261Kb max_used=11147Kb free=109774Kb
 bounds [0x00007f9a79ec7000, 0x00007f9a7a9b7000, 0x00007f9a81400000]
CodeHeap 'profiled nmethods': size=120032Kb used=29498Kb max_used=31240Kb free=90534Kb
 bounds [0x00007f9a7298f000, 0x00007f9a7482f000, 0x00007f9a79ec7000]
CodeHeap 'non-nmethods': size=5692Kb used=1403Kb max_used=1454Kb free=4288Kb
 bounds [0x00007f9a72400000, 0x00007f9a72670000, 0x00007f9a7298f000]
 total_blobs=13786 nmethods=13037 adapters=656
 compilation: enabled
              stopped_count=0, restarted_count=0
 full_count=0

Compilation events (20 events):
Event: 865.222 Thread 0x00007f9a8412c840 19072   !   3       java.nio.DirectByteBuffer::address (53 bytes)
Event: 865.223 Thread 0x00007f9a8412c840 nmethod 19072 0x00007f9a72d78890 code [0x00007f9a72d78aa0, 0x00007f9a72d790e0]
Event: 865.277 Thread 0x00007f9a8412c840 19073       3       javax.crypto.Cipher::updateAAD (55 bytes)
Event: 865.277 Thread 0x00007f9a8412b390 19075       4       java.nio.MappedByteBuffer::rewind (5 bytes)
Event: 865.277 Thread 0x00007f9a8412b390 nmethod 19075 0x00007f9a79f97e10 code [0x00007f9a79f97f80, 0x00007f9a79f98018]
Event: 865.278 Thread 0x00007f9a8412c840 nmethod 19073 0x00007f9a72cb5c10 code [0x00007f9a72cb5e00, 0x00007f9a72cb62f0]
Event: 865.278 Thread 0x00007f9a8412c840 19074       3       javax.crypto.Cipher::doFinal (68 bytes)
Event: 865.294 Thread 0x00007f9a8412c840 nmethod 19074 0x00007f9a7336d590 code [0x00007f9a7336d7c0, 0x00007f9a7336de20]
Event: 865.318 Thread 0x00007f9a8412c840 19076       3       java.io.Reader::read (9 bytes)
Event: 865.318 Thread 0x00007f9a8412c840 nmethod 19076 0x00007f9a732df010 code [0x00007f9a732df1c0, 0x00007f9a732df380]
Event: 865.342 Thread 0x00007f9a8412b390 19077       4       org.jsoup.parser.TokeniserState$1::read (109 bytes)
Event: 865.349 Thread 0x00007f9a8412c840 19079       3       org.jsoup.nodes.TextNode::childNodeSize (5 bytes)
Event: 865.350 Thread 0x00007f9a8412c840 nmethod 19079 0x00007f9a7342a490 code [0x00007f9a7342a640, 0x00007f9a7342a7b0]
Event: 865.371 Thread 0x00007f9a8412c840 19080       3       java.util.concurrent.SynchronousQueue$TransferStack::casHead (26 bytes)
Event: 865.372 Thread 0x00007f9a8412c840 nmethod 19080 0x00007f9a736f0c90 code [0x00007f9a736f0f40, 0x00007f9a736f1bd0]
Event: 865.439 Thread 0x00007f9a8412b390 nmethod 19077 0x00007f9a7a2f0e10 code [0x00007f9a7a2f10a0, 0x00007f9a7a2f28f0]
Event: 865.445 Thread 0x00007f9a8412b390 19078       4       org.jsoup.parser.HtmlTreeBuilderState$7::process (150 bytes)
Event: 865.592 Thread 0x00007f9a8412b390 nmethod 19078 0x00007f9a7a489810 code [0x00007f9a7a489a80, 0x00007f9a7a48ade0]
Event: 865.592 Thread 0x00007f9a8412b390 19081       4       java.util.Objects::equals (23 bytes)
Event: 865.593 Thread 0x00007f9a8412b390 nmethod 19081 0x00007f9a7a734a90 code [0x00007f9a7a734c20, 0x00007f9a7a734cb8]

GC Heap History (20 events):
Event: 864.576 GC heap after
{Heap after GC invocations=374 (full 12):
 PSYoungGen      total 2560K, used 496K [0x00000000eab00000, 0x00000000eb100000, 0x0000000100000000)
  eden space 2048K, 0% used [0x00000000eab00000,0x00000000eab00000,0x00000000ead00000)
  from space 512K, 96% used [0x00000000eb080000,0x00000000eb0fc010,0x00000000eb100000)
  to   space 1024K, 0% used [0x00000000eaf00000,0x00000000eaf00000,0x00000000eb000000)
 ParOldGen       total 319488K, used 270469K [0x00000000c0000000, 0x00000000d3800000, 0x00000000eab00000)
  object space 319488K, 84% used [0x00000000c0000000,0x00000000d0821760,0x00000000d3800000)
 Metaspace       used 78807K, committed 79680K, reserved 1122304K
  class space    used 7923K, committed 8320K, reserved 1048576K
}
Event: 864.695 GC heap before
{Heap before GC invocations=375 (full 12):
 PSYoungGen      total 2560K, used 2543K [0x00000000eab00000, 0x00000000eb100000, 0x0000000100000000)
  eden space 2048K, 99% used [0x00000000eab00000,0x00000000eacfffc8,0x00000000ead00000)
  from space 512K, 96% used [0x00000000eb080000,0x00000000eb0fc010,0x00000000eb100000)
  to   space 1024K, 0% used [0x00000000eaf00000,0x00000000eaf00000,0x00000000eb000000)
 ParOldGen       total 319488K, used 270469K [0x00000000c0000000, 0x00000000d3800000, 0x00000000eab00000)
  object space 319488K, 84% used [0x00000000c0000000,0x00000000d0821760,0x00000000d3800000)
 Metaspace       used 78807K, committed 79680K, reserved 1122304K
  class space    used 7923K, committed 8320K, reserved 1048576K
}
Event: 864.698 GC heap after
{Heap after GC invocations=375 (full 12):
 PSYoungGen      total 3584K, used 160K [0x00000000eab00000, 0x00000000eb100000, 0x0000000100000000)
  eden space 2560K, 0% used [0x00000000eab00000,0x00000000eab00000,0x00000000ead80000)
  from space 1024K, 15% used [0x00000000eaf00000,0x00000000eaf28000,0x00000000eb000000)
  to   space 512K, 0% used [0x00000000eb080000,0x00000000eb080000,0x00000000eb100000)
 ParOldGen       total 319488K, used 270947K [0x00000000c0000000, 0x00000000d3800000, 0x00000000eab00000)
  object space 319488K, 84% used [0x00000000c0000000,0x00000000d0898c00,0x00000000d3800000)
 Metaspace       used 78807K, committed 79680K, reserved 1122304K
  class space    used 7923K, committed 8320K, reserved 1048576K
}
Event: 864.820 GC heap before
{Heap before GC invocations=376 (full 12):
 PSYoungGen      total 3584K, used 2720K [0x00000000eab00000, 0x00000000eb100000, 0x0000000100000000)
  eden space 2560K, 100% used [0x00000000eab00000,0x00000000ead80000,0x00000000ead80000)
  from space 1024K, 15% used [0x00000000eaf00000,0x00000000eaf28000,0x00000000eb000000)
  to   space 512K, 0% used [0x00000000eb080000,0x00000000eb080000,0x00000000eb100000)
 ParOldGen       total 319488K, used 270947K [0x00000000c0000000, 0x00000000d3800000, 0x00000000eab00000)
  object space 319488K, 84% used [0x00000000c0000000,0x00000000d0898c00,0x00000000d3800000)
 Metaspace       used 78807K, committed 79680K, reserved 1122304K
  class space    used 7923K, committed 8320K, reserved 1048576K
}
Event: 864.824 GC heap after
{Heap after GC invocations=376 (full 12):
 PSYoungGen      total 3584K, used 400K [0x00000000eab00000, 0x00000000eb100000, 0x0000000100000000)
  eden space 3072K, 0% used [0x00000000eab00000,0x00000000eab00000,0x00000000eae00000)
  from space 512K, 78% used [0x00000000eb080000,0x00000000eb0e4030,0x00000000eb100000)
  to   space 512K, 0% used [0x00000000eb000000,0x00000000eb000000,0x00000000eb080000)
 ParOldGen       total 319488K, used 271083K [0x00000000c0000000, 0x00000000d3800000, 0x00000000eab00000)
  object space 319488K, 84% used [0x00000000c0000000,0x00000000d08bac00,0x00000000d3800000)
 Metaspace       used 78807K, committed 79680K, reserved 1122304K
  class space    used 7923K, committed 8320K, reserved 1048576K
}
Event: 865.135 GC heap before
{Heap before GC invocations=377 (full 12):
 PSYoungGen      total 3584K, used 3472K [0x00000000eab00000, 0x00000000eb100000, 0x0000000100000000)
  eden space 3072K, 100% used [0x00000000eab00000,0x00000000eae00000,0x00000000eae00000)
  from space 512K, 78% used [0x00000000eb080000,0x00000000eb0e4030,0x00000000eb100000)
  to   space 512K, 0% used [0x00000000eb000000,0x00000000eb000000,0x00000000eb080000)
 ParOldGen       total 319488K, used 271083K [0x00000000c0000000, 0x00000000d3800000, 0x00000000eab00000)
  object space 319488K, 84% used [0x00000000c0000000,0x00000000d08bac00,0x00000000d3800000)
 Metaspace       used 78822K, committed 79680K, reserved 1122304K
  class space    used 7923K, committed 8320K, reserved 1048576K
}
Event: 865.142 GC heap after
{Heap after GC invocations=377 (full 12):
 PSYoungGen      total 4608K, used 288K [0x00000000eab00000, 0x00000000eb100000, 0x0000000100000000)
  eden space 4096K, 0% used [0x00000000eab00000,0x00000000eab00000,0x00000000eaf00000)
  from space 512K, 56% used [0x00000000eb000000,0x00000000eb048070,0x00000000eb080000)
  to   space 512K, 0% used [0x00000000eb080000,0x00000000eb080000,0x00000000eb100000)
 ParOldGen       total 319488K, used 271135K [0x00000000c0000000, 0x00000000d3800000, 0x00000000eab00000)
  object space 319488K, 84% used [0x00000000c0000000,0x00000000d08c7c10,0x00000000d3800000)
 Metaspace       used 78822K, committed 79680K, reserved 1122304K
  class space    used 7923K, committed 8320K, reserved 1048576K
}
Event: 865.248 GC heap before
{Heap before GC invocations=378 (full 12):
 PSYoungGen      total 4608K, used 4384K [0x00000000eab00000, 0x00000000eb100000, 0x0000000100000000)
  eden space 4096K, 100% used [0x00000000eab00000,0x00000000eaf00000,0x00000000eaf00000)
  from space 512K, 56% used [0x00000000eb000000,0x00000000eb048070,0x00000000eb080000)
  to   space 512K, 0% used [0x00000000eb080000,0x00000000eb080000,0x00000000eb100000)
 ParOldGen       total 319488K, used 271135K [0x00000000c0000000, 0x00000000d3800000, 0x00000000eab00000)
  object space 319488K, 84% used [0x00000000c0000000,0x00000000d08c7c10,0x00000000d3800000)
 Metaspace       used 78831K, committed 79680K, reserved 1122304K
  class space    used 7923K, committed 8320K, reserved 1048576K
}
Event: 865.260 GC heap after
{Heap after GC invocations=378 (full 12):
 PSYoungGen      total 2560K, used 510K [0x00000000eab00000, 0x00000000eb700000, 0x0000000100000000)
  eden space 2048K, 0% used [0x00000000eab00000,0x00000000eab00000,0x00000000ead00000)
  from space 512K, 99% used [0x00000000eb080000,0x00000000eb0ffa48,0x00000000eb100000)
  to   space 3584K, 0% used [0x00000000ead00000,0x00000000ead00000,0x00000000eb080000)
 ParOldGen       total 319488K, used 273467K [0x00000000c0000000, 0x00000000d3800000, 0x00000000eab00000)
  object space 319488K, 85% used [0x00000000c0000000,0x00000000d0b0ee30,0x00000000d3800000)
 Metaspace       used 78831K, committed 79680K, reserved 1122304K
  class space    used 7923K, committed 8320K, reserved 1048576K
}
Event: 865.264 GC heap before
{Heap before GC invocations=379 (full 12):
 PSYoungGen      total 2560K, used 2558K [0x00000000eab00000, 0x00000000eb700000, 0x0000000100000000)
  eden space 2048K, 100% used [0x00000000eab00000,0x00000000ead00000,0x00000000ead00000)
  from space 512K, 99% used [0x00000000eb080000,0x00000000eb0ffa48,0x00000000eb100000)
  to   space 3584K, 0% used [0x00000000ead00000,0x00000000ead00000,0x00000000eb080000)
 ParOldGen       total 319488K, used 273467K [0x00000000c0000000, 0x00000000d3800000, 0x00000000eab00000)
  object space 319488K, 85% used [0x00000000c0000000,0x00000000d0b0ee30,0x00000000d3800000)
 Metaspace       used 78831K, committed 79680K, reserved 1122304K
  class space    used 7923K, committed 8320K, reserved 1048576K
}
Event: 865.272 GC heap after
{Heap after GC invocations=379 (full 12):
 PSYoungGen      total 4096K, used 1984K [0x00000000eab00000, 0x00000000eb280000, 0x0000000100000000)
  eden space 2048K, 0% used [0x00000000eab00000,0x00000000eab00000,0x00000000ead00000)
  from space 2048K, 96% used [0x00000000ead00000,0x00000000eaef0000,0x00000000eaf00000)
  to   space 2560K, 0% used [0x00000000eb000000,0x00000000eb000000,0x00000000eb280000)
 ParOldGen       total 319488K, used 273984K [0x00000000c0000000, 0x00000000d3800000, 0x00000000eab00000)
  object space 319488K, 85% used [0x00000000c0000000,0x00000000d0b901f0,0x00000000d3800000)
 Metaspace       used 78831K, committed 79680K, reserved 1122304K
  class space    used 7923K, committed 8320K, reserved 1048576K
}
Event: 865.279 GC heap before
{Heap before GC invocations=380 (full 12):
 PSYoungGen      total 4096K, used 4031K [0x00000000eab00000, 0x00000000eb280000, 0x0000000100000000)
  eden space 2048K, 99% used [0x00000000eab00000,0x00000000eacffff0,0x00000000ead00000)
  from space 2048K, 96% used [0x00000000ead00000,0x00000000eaef0000,0x00000000eaf00000)
  to   space 2560K, 0% used [0x00000000eb000000,0x00000000eb000000,0x00000000eb280000)
 ParOldGen       total 319488K, used 273984K [0x00000000c0000000, 0x00000000d3800000, 0x00000000eab00000)
  object space 319488K, 85% used [0x00000000c0000000,0x00000000d0b901f0,0x00000000d3800000)
 Metaspace       used 78831K, committed 79680K, reserved 1122304K
  class space    used 7923K, committed 8320K, reserved 1048576K
}
Event: 865.291 GC heap after
{Heap after GC invocations=380 (full 12):
 PSYoungGen      total 4608K, used 1568K [0x00000000eab00000, 0x00000000eb200000, 0x0000000100000000)
  eden space 2560K, 0% used [0x00000000eab00000,0x00000000eab00000,0x00000000ead80000)
  from space 2048K, 76% used [0x00000000eb000000,0x00000000eb1880a0,0x00000000eb200000)
  to   space 2048K, 0% used [0x00000000eae00000,0x00000000eae00000,0x00000000eb000000)
 ParOldGen       total 319488K, used 275976K [0x00000000c0000000, 0x00000000d3800000, 0x00000000eab00000)
  object space 319488K, 86% used [0x00000000c0000000,0x00000000d0d82220,0x00000000d3800000)
 Metaspace       used 78831K, committed 79680K, reserved 1122304K
  class space    used 7923K, committed 8320K, reserved 1048576K
}
Event: 865.299 GC heap before
{Heap before GC invocations=381 (full 12):
 PSYoungGen      total 4608K, used 4128K [0x00000000eab00000, 0x00000000eb200000, 0x0000000100000000)
  eden space 2560K, 100% used [0x00000000eab00000,0x00000000ead80000,0x00000000ead80000)
  from space 2048K, 76% used [0x00000000eb000000,0x00000000eb1880a0,0x00000000eb200000)
  to   space 2048K, 0% used [0x00000000eae00000,0x00000000eae00000,0x00000000eb000000)
 ParOldGen       total 319488K, used 275976K [0x00000000c0000000, 0x00000000d3800000, 0x00000000eab00000)
  object space 319488K, 86% used [0x00000000c0000000,0x00000000d0d82220,0x00000000d3800000)
 Metaspace       used 78831K, committed 79680K, reserved 1122304K
  class space    used 7923K, committed 8320K, reserved 1048576K
}
Event: 865.315 GC heap after
{Heap after GC invocations=381 (full 12):
 PSYoungGen      total 5120K, used 2048K [0x00000000eab00000, 0x00000000eb600000, 0x0000000100000000)
  eden space 3072K, 0% used [0x00000000eab00000,0x00000000eab00000,0x00000000eae00000)
  from space 2048K, 100% used [0x00000000eae00000,0x00000000eb000000,0x00000000eb000000)
  to   space 4096K, 0% used [0x00000000eb200000,0x00000000eb200000,0x00000000eb600000)
 ParOldGen       total 319488K, used 277624K [0x00000000c0000000, 0x00000000d3800000, 0x00000000eab00000)
  object space 319488K, 86% used [0x00000000c0000000,0x00000000d0f1e320,0x00000000d3800000)
 Metaspace       used 78831K, committed 79680K, reserved 1122304K
  class space    used 7923K, committed 8320K, reserved 1048576K
}
Event: 865.350 GC heap before
{Heap before GC invocations=382 (full 12):
 PSYoungGen      total 5120K, used 5120K [0x00000000eab00000, 0x00000000eb600000, 0x0000000100000000)
  eden space 3072K, 100% used [0x00000000eab00000,0x00000000eae00000,0x00000000eae00000)
  from space 2048K, 100% used [0x00000000eae00000,0x00000000eb000000,0x00000000eb000000)
  to   space 4096K, 0% used [0x00000000eb200000,0x00000000eb200000,0x00000000eb600000)
 ParOldGen       total 319488K, used 277624K [0x00000000c0000000, 0x00000000d3800000, 0x00000000eab00000)
  object space 319488K, 86% used [0x00000000c0000000,0x00000000d0f1e320,0x00000000d3800000)
 Metaspace       used 78831K, committed 79680K, reserved 1122304K
  class space    used 7923K, committed 8320K, reserved 1048576K
}
Event: 865.369 GC heap after
{Heap after GC invocations=382 (full 12):
 PSYoungGen      total 6144K, used 1872K [0x00000000eab00000, 0x00000000eb400000, 0x0000000100000000)
  eden space 4096K, 0% used [0x00000000eab00000,0x00000000eab00000,0x00000000eaf00000)
  from space 2048K, 91% used [0x00000000eb200000,0x00000000eb3d4130,0x00000000eb400000)
  to   space 2560K, 0% used [0x00000000eaf00000,0x00000000eaf00000,0x00000000eb180000)
 ParOldGen       total 319488K, used 279632K [0x00000000c0000000, 0x00000000d3800000, 0x00000000eab00000)
  object space 319488K, 87% used [0x00000000c0000000,0x00000000d1114390,0x00000000d3800000)
 Metaspace       used 78831K, committed 79680K, reserved 1122304K
  class space    used 7923K, committed 8320K, reserved 1048576K
}
Event: 865.675 GC heap before
{Heap before GC invocations=383 (full 12):
 PSYoungGen      total 6144K, used 5968K [0x00000000eab00000, 0x00000000eb400000, 0x0000000100000000)
  eden space 4096K, 100% used [0x00000000eab00000,0x00000000eaf00000,0x00000000eaf00000)
  from space 2048K, 91% used [0x00000000eb200000,0x00000000eb3d4130,0x00000000eb400000)
  to   space 2560K, 0% used [0x00000000eaf00000,0x00000000eaf00000,0x00000000eb180000)
 ParOldGen       total 319488K, used 279632K [0x00000000c0000000, 0x00000000d3800000, 0x00000000eab00000)
  object space 319488K, 87% used [0x00000000c0000000,0x00000000d1114390,0x00000000d3800000)
 Metaspace       used 78832K, committed 79680K, reserved 1122304K
  class space    used 7923K, committed 8320K, reserved 1048576K
}
Event: 865.685 GC heap after
{Heap after GC invocations=383 (full 12):
 PSYoungGen      total 6656K, used 1596K [0x00000000eab00000, 0x00000000eb400000, 0x0000000100000000)
  eden space 4096K, 0% used [0x00000000eab00000,0x00000000eab00000,0x00000000eaf00000)
  from space 2560K, 62% used [0x00000000eaf00000,0x00000000eb08f300,0x00000000eb180000)
  to   space 2048K, 0% used [0x00000000eb200000,0x00000000eb200000,0x00000000eb400000)
 ParOldGen       total 319488K, used 281433K [0x00000000c0000000, 0x00000000d3800000, 0x00000000eab00000)
  object space 319488K, 88% used [0x00000000c0000000,0x00000000d12d6540,0x00000000d3800000)
 Metaspace       used 78832K, committed 79680K, reserved 1122304K
  class space    used 7923K, committed 8320K, reserved 1048576K
}
Event: 865.696 GC heap before
{Heap before GC invocations=384 (full 12):
 PSYoungGen      total 6656K, used 5692K [0x00000000eab00000, 0x00000000eb400000, 0x0000000100000000)
  eden space 4096K, 100% used [0x00000000eab00000,0x00000000eaf00000,0x00000000eaf00000)
  from space 2560K, 62% used [0x00000000eaf00000,0x00000000eb08f300,0x00000000eb180000)
  to   space 2048K, 0% used [0x00000000eb200000,0x00000000eb200000,0x00000000eb400000)
 ParOldGen       total 319488K, used 281433K [0x00000000c0000000, 0x00000000d3800000, 0x00000000eab00000)
  object space 319488K, 88% used [0x00000000c0000000,0x00000000d12d6540,0x00000000d3800000)
 Metaspace       used 78832K, committed 79680K, reserved 1122304K
  class space    used 7923K, committed 8320K, reserved 1048576K
}

Deoptimization events (20 events):
Event: 828.937 Thread 0x00007f9a58328df0 DEOPT PACKING pc=0x00007f9a747e394b sp=0x00007f9a41cf2ee0
Event: 828.937 Thread 0x00007f9a58328df0 DEOPT UNPACKING pc=0x00007f9a7245252f sp=0x00007f9a41cf2418 mode 0
Event: 854.637 Thread 0x0000558fcccbdaf0 DEOPT PACKING pc=0x00007f9a730fdd6d sp=0x00007f9a687e6eb0
Event: 854.637 Thread 0x0000558fcccbdaf0 DEOPT UNPACKING pc=0x00007f9a7245252f sp=0x00007f9a687e6408 mode 0
Event: 854.995 Thread 0x0000558fcccbdaf0 DEOPT PACKING pc=0x00007f9a747dd3b2 sp=0x00007f9a687e6940
Event: 854.995 Thread 0x0000558fcccbdaf0 DEOPT UNPACKING pc=0x00007f9a7245252f sp=0x00007f9a687e5e50 mode 0
Event: 855.749 Thread 0x00007f9a583473a0 Uncommon trap: trap_request=0xffffff45 fr.pc=0x00007f9a7a4e4d10 relative=0x0000000000000fd0
Event: 855.749 Thread 0x00007f9a583473a0 Uncommon trap: reason=unstable_if action=reinterpret pc=0x00007f9a7a4e4d10 method=org.eclipse.jdt.internal.compiler.lookup.ClassScope.buildMethods()V @ 43 c2
Event: 855.749 Thread 0x00007f9a583473a0 DEOPT PACKING pc=0x00007f9a7a4e4d10 sp=0x00007f9a521faab0
Event: 855.749 Thread 0x00007f9a583473a0 DEOPT UNPACKING pc=0x00007f9a72451d99 sp=0x00007f9a521faa68 mode 2
Event: 864.566 Thread 0x00007f9a58328df0 Uncommon trap: trap_request=0xffffffbe fr.pc=0x00007f9a7a97ce80 relative=0x00000000000017a0
Event: 864.566 Thread 0x00007f9a58328df0 Uncommon trap: reason=profile_predicate action=maybe_recompile pc=0x00007f9a7a97ce80 method=java.util.TimSort.gallopLeft(Ljava/lang/Object;[Ljava/lang/Object;IIILjava/util/Comparator;)I @ 263 c2
Event: 864.566 Thread 0x00007f9a58328df0 DEOPT PACKING pc=0x00007f9a7a97ce80 sp=0x00007f9a521faf40
Event: 864.566 Thread 0x00007f9a58328df0 DEOPT UNPACKING pc=0x00007f9a72451d99 sp=0x00007f9a521faf08 mode 2
Event: 864.566 Thread 0x00007f9a58328df0 Uncommon trap: trap_request=0xffffffbe fr.pc=0x00007f9a7a97ce80 relative=0x00000000000017a0
Event: 864.566 Thread 0x00007f9a58328df0 Uncommon trap: reason=profile_predicate action=maybe_recompile pc=0x00007f9a7a97ce80 method=java.util.TimSort.gallopLeft(Ljava/lang/Object;[Ljava/lang/Object;IIILjava/util/Comparator;)I @ 263 c2
Event: 864.566 Thread 0x00007f9a58328df0 DEOPT PACKING pc=0x00007f9a7a97ce80 sp=0x00007f9a521faf40
Event: 864.566 Thread 0x00007f9a58328df0 DEOPT UNPACKING pc=0x00007f9a72451d99 sp=0x00007f9a521faf08 mode 2
Event: 864.990 Thread 0x00007f9a600f6220 DEOPT PACKING pc=0x00007f9a736a8b5d sp=0x00007f9a425fb550
Event: 864.990 Thread 0x00007f9a600f6220 DEOPT UNPACKING pc=0x00007f9a7245252f sp=0x00007f9a425fa9f0 mode 0

Classes unloaded (0 events):
No events

Classes redefined (0 events):
No events

Internal exceptions (20 events):
Event: 506.895 Thread 0x00007f9a4c2ccba0 Exception <a 'sun/nio/fs/UnixException'{0x00000000eab63e90}> (0x00000000eab63e90) 
thrown [src/hotspot/share/prims/jni.cpp, line 516]
Event: 506.919 Thread 0x00007f9a4c2ccba0 Exception <a 'sun/nio/fs/UnixException'{0x00000000eab8a590}> (0x00000000eab8a590) 
thrown [src/hotspot/share/prims/jni.cpp, line 516]
Event: 506.931 Thread 0x00007f9a4c2ccba0 Exception <a 'sun/nio/fs/UnixException'{0x00000000eaba1198}> (0x00000000eaba1198) 
thrown [src/hotspot/share/prims/jni.cpp, line 516]
Event: 506.953 Thread 0x00007f9a4c2ccba0 Exception <a 'sun/nio/fs/UnixException'{0x00000000eaba5ab0}> (0x00000000eaba5ab0) 
thrown [src/hotspot/share/prims/jni.cpp, line 516]
Event: 506.965 Thread 0x00007f9a4c2ccba0 Exception <a 'sun/nio/fs/UnixException'{0x00000000eabc5d98}> (0x00000000eabc5d98) 
thrown [src/hotspot/share/prims/jni.cpp, line 516]
Event: 506.974 Thread 0x00007f9a4c2ccba0 Exception <a 'sun/nio/fs/UnixException'{0x00000000eabca398}> (0x00000000eabca398) 
thrown [src/hotspot/share/prims/jni.cpp, line 516]
Event: 506.983 Thread 0x00007f9a4c2ccba0 Exception <a 'sun/nio/fs/UnixException'{0x00000000eabd7cb0}> (0x00000000eabd7cb0) 
thrown [src/hotspot/share/prims/jni.cpp, line 516]
Event: 506.985 Thread 0x00007f9a4c2ccba0 Exception <a 'sun/nio/fs/UnixException'{0x00000000eabdc468}> (0x00000000eabdc468) 
thrown [src/hotspot/share/prims/jni.cpp, line 516]
Event: 508.067 Thread 0x00007f9a54001e40 Implicit null exception at 0x00007f9a7a2dd003 to 0x00007f9a7a2dd1f4
Event: 508.570 Thread 0x00007f9a846eded0 Implicit null exception at 0x00007f9a7a5f0032 to 0x00007f9a7a5f45d4
Event: 526.010 Thread 0x0000558fccc91bc0 Exception <a 'sun/nio/fs/UnixException'{0x00000000eab00668}> (0x00000000eab00668) 
thrown [src/hotspot/share/prims/jni.cpp, line 516]
Event: 526.579 Thread 0x0000558fccc91bc0 Exception <a 'sun/nio/fs/UnixException'{0x00000000eab00178}> (0x00000000eab00178) 
thrown [src/hotspot/share/prims/jni.cpp, line 516]
Event: 810.543 Thread 0x00007f9a58328df0 Exception <a 'java/lang/ArrayIndexOutOfBoundsException'{0x00000000eae1a4a0}: Index 90 out of bounds for length 90> (0x00000000eae1a4a0) 
thrown [src/hotspot/share/interpreter/interpreterRuntime.cpp, line 428]
Event: 810.543 Thread 0x00007f9a58328df0 Exception <a 'java/lang/ArrayIndexOutOfBoundsException'{0x00000000eae1a8b0}: Index 90 out of bounds for length 90> (0x00000000eae1a8b0) 
thrown [src/hotspot/share/interpreter/interpreterRuntime.cpp, line 428]
Event: 810.543 Thread 0x00007f9a58328df0 Exception <a 'java/lang/ArrayIndexOutOfBoundsException'{0x00000000eae1ac70}: Index 91 out of bounds for length 90> (0x00000000eae1ac70) 
thrown [src/hotspot/share/interpreter/interpreterRuntime.cpp, line 428]
Event: 810.568 Thread 0x00007f9a58328df0 Implicit null exception at 0x00007f9a7a83f75b to 0x00007f9a7a841de0
Event: 855.749 Thread 0x00007f9a583473a0 Implicit null exception at 0x00007f9a7a4e3dbb to 0x00007f9a7a4e4cfc
Event: 864.494 Thread 0x00007f9a58328df0 Exception <a 'java/lang/ArrayIndexOutOfBoundsException'{0x00000000eae079f0}> (0x00000000eae079f0) 
thrown [src/hotspot/share/runtime/sharedRuntime.cpp, line 628]
Event: 864.494 Thread 0x00007f9a58328df0 Exception <a 'java/lang/ArrayIndexOutOfBoundsException'{0x00000000eae07e00}> (0x00000000eae07e00) 
thrown [src/hotspot/share/runtime/sharedRuntime.cpp, line 628]
Event: 864.494 Thread 0x00007f9a58328df0 Exception <a 'java/lang/ArrayIndexOutOfBoundsException'{0x00000000eae081c0}> (0x00000000eae081c0) 
thrown [src/hotspot/share/runtime/sharedRuntime.cpp, line 628]

VM Operations (20 events):
Event: 864.698 Executing VM operation: ParallelGCFailedAllocation done
Event: 864.819 Executing VM operation: ParallelGCFailedAllocation
Event: 864.824 Executing VM operation: ParallelGCFailedAllocation done
Event: 865.135 Executing VM operation: ParallelGCFailedAllocation
Event: 865.142 Executing VM operation: ParallelGCFailedAllocation done
Event: 865.247 Executing VM operation: ParallelGCFailedAllocation
Event: 865.260 Executing VM operation: ParallelGCFailedAllocation done
Event: 865.264 Executing VM operation: ParallelGCFailedAllocation
Event: 865.272 Executing VM operation: ParallelGCFailedAllocation done
Event: 865.278 Executing VM operation: ParallelGCFailedAllocation
Event: 865.291 Executing VM operation: ParallelGCFailedAllocation done
Event: 865.299 Executing VM operation: ParallelGCFailedAllocation
Event: 865.316 Executing VM operation: ParallelGCFailedAllocation done
Event: 865.350 Executing VM operation: ParallelGCFailedAllocation
Event: 865.369 Executing VM operation: ParallelGCFailedAllocation done
Event: 865.439 Executing VM operation: HandshakeAllThreads
Event: 865.439 Executing VM operation: HandshakeAllThreads done
Event: 865.674 Executing VM operation: ParallelGCFailedAllocation
Event: 865.685 Executing VM operation: ParallelGCFailedAllocation done
Event: 865.696 Executing VM operation: ParallelGCFailedAllocation

Events (20 events):
Event: 865.573 Thread 0x00007f9a8412dc80 flushing nmethod 0x00007f9a74465990
Event: 865.579 Thread 0x00007f9a8412dc80 flushing nmethod 0x00007f9a74524a10
Event: 865.580 Thread 0x00007f9a8412dc80 flushing nmethod 0x00007f9a745a6a90
Event: 865.580 Thread 0x00007f9a8412dc80 flushing nmethod 0x00007f9a745eff90
Event: 865.580 Thread 0x00007f9a8412dc80 flushing nmethod 0x00007f9a745f9e90
Event: 865.580 Thread 0x00007f9a8412dc80 flushing nmethod 0x00007f9a745fad10
Event: 865.580 Thread 0x00007f9a8412dc80 flushing nmethod 0x00007f9a7466d010
Event: 865.580 Thread 0x00007f9a8412dc80 flushing nmethod 0x00007f9a74737390
Event: 865.580 Thread 0x00007f9a8412dc80 flushing nmethod 0x00007f9a74741290
Event: 865.581 Thread 0x00007f9a8412dc80 flushing nmethod 0x00007f9a747e0d10
Event: 865.600 Thread 0x00007f9a583473a0 Thread added: 0x00007f9a583473a0
Event: 865.600 Protecting memory [0x00007f9a414ed000,0x00007f9a414f1000] with protection modes 0
Event: 865.601 Thread 0x00007f9a583473a0 Thread exited: 0x00007f9a583473a0
Event: 865.654 Thread 0x00007f9a583473a0 Thread added: 0x00007f9a583473a0
Event: 865.654 Protecting memory [0x00007f9a414ed000,0x00007f9a414f1000] with protection modes 0
Event: 865.658 Thread 0x00007f9a58336f80 Thread added: 0x00007f9a58336f80
Event: 865.658 Thread 0x00007f9a583473a0 Thread exited: 0x00007f9a583473a0
Event: 865.658 Protecting memory [0x00007f9a41df6000,0x00007f9a41dfa000] with protection modes 0
Event: 865.696 Thread 0x00007f9a583473a0 Thread added: 0x00007f9a583473a0
Event: 865.696 Protecting memory [0x00007f9a414ed000,0x00007f9a414f1000] with protection modes 0


Dynamic libraries:
c0000000-d3800000 rw-p 00000000 00:00 0 
d3800000-eab00000 ---p 00000000 00:00 0 
eab00000-eb400000 rw-p 00000000 00:00 0 
eb400000-100000000 ---p 00000000 00:00 0 
100000000-100020000 rw-p 00000000 00:00 0 
100020000-100040000 rw-p 00000000 00:00 0 
100040000-100100000 rw-p 00000000 00:00 0 
100100000-100180000 rw-p 00000000 00:00 0 
100180000-1002c0000 rw-p 00000000 00:00 0 
1002c0000-100300000 rw-p 00000000 00:00 0 
100300000-1004c0000 rw-p 00000000 00:00 0 
1004c0000-100540000 rw-p 00000000 00:00 0 
100540000-1005c0000 rw-p 00000000 00:00 0 
1005c0000-100600000 rw-p 00000000 00:00 0 
100600000-100820000 rw-p 00000000 00:00 0 
100820000-140000000 ---p 00000000 00:00 0 
558fcbe00000-558fcbe01000 r-xp 00000000 08:05 9316962                    /home/james/.vscode/extensions/redhat.java-1.5.0/jre/17.0.2-linux-x86_64/bin/java
558fcc001000-558fcc002000 r--p 00001000 08:05 9316962                    /home/james/.vscode/extensions/redhat.java-1.5.0/jre/17.0.2-linux-x86_64/bin/java
558fcc002000-558fcc003000 rw-p 00002000 08:05 9316962                    /home/james/.vscode/extensions/redhat.java-1.5.0/jre/17.0.2-linux-x86_64/bin/java
558fcc7b0000-558fcf155000 rw-p 00000000 00:00 0                          [heap]
7f9a41258000-7f9a414ed000 rw-p 00000000 00:00 0 
7f9a414ed000-7f9a414f1000 ---p 00000000 00:00 0 
7f9a414f1000-7f9a415ee000 rw-p 00000000 00:00 0 
7f9a415ee000-7f9a415f2000 ---p 00000000 00:00 0 
7f9a415f2000-7f9a416ef000 rw-p 00000000 00:00 0 
7f9a416ef000-7f9a416f3000 ---p 00000000 00:00 0 
7f9a416f3000-7f9a417f0000 rw-p 00000000 00:00 0 
7f9a417f0000-7f9a417f4000 ---p 00000000 00:00 0 
7f9a417f4000-7f9a418f1000 rw-p 00000000 00:00 0 
7f9a418f1000-7f9a418f5000 ---p 00000000 00:00 0 
7f9a418f5000-7f9a419f2000 rw-p 00000000 00:00 0 
7f9a419f2000-7f9a419f6000 ---p 00000000 00:00 0 
7f9a419f6000-7f9a41af3000 rw-p 00000000 00:00 0 
7f9a41af3000-7f9a41af7000 ---p 00000000 00:00 0 
7f9a41af7000-7f9a41bf4000 rw-p 00000000 00:00 0 
7f9a41bf4000-7f9a41bf8000 ---p 00000000 00:00 0 
7f9a41bf8000-7f9a41cf5000 rw-p 00000000 00:00 0 
7f9a41cf5000-7f9a41cf9000 ---p 00000000 00:00 0 
7f9a41cf9000-7f9a41df6000 rw-p 00000000 00:00 0 
7f9a41df6000-7f9a41dfa000 ---p 00000000 00:00 0 
7f9a41dfa000-7f9a41ef7000 rw-p 00000000 00:00 0 
7f9a41ef7000-7f9a41efb000 ---p 00000000 00:00 0 
7f9a41efb000-7f9a41ff8000 rw-p 00000000 00:00 0 
7f9a41ff8000-7f9a41ffc000 ---p 00000000 00:00 0 
7f9a41ffc000-7f9a420f9000 rw-p 00000000 00:00 0 
7f9a420f9000-7f9a420fd000 ---p 00000000 00:00 0 
7f9a420fd000-7f9a421fa000 rw-p 00000000 00:00 0 
7f9a421fa000-7f9a421fe000 ---p 00000000 00:00 0 
7f9a421fe000-7f9a422fb000 rw-p 00000000 00:00 0 
7f9a422fb000-7f9a422ff000 ---p 00000000 00:00 0 
7f9a422ff000-7f9a423fc000 rw-p 00000000 00:00 0 
7f9a423fc000-7f9a42400000 ---p 00000000 00:00 0 
7f9a42400000-7f9a424fd000 rw-p 00000000 00:00 0 
7f9a424fd000-7f9a42501000 ---p 00000000 00:00 0 
7f9a42501000-7f9a425fe000 rw-p 00000000 00:00 0 
7f9a425fe000-7f9a42602000 ---p 00000000 00:00 0 
7f9a42602000-7f9a426ff000 rw-p 00000000 00:00 0 
7f9a426ff000-7f9a42703000 ---p 00000000 00:00 0 
7f9a42703000-7f9a429b0000 rw-p 00000000 00:00 0 
7f9a429b0000-7f9a42a00000 ---p 00000000 00:00 0 
7f9a42a00000-7f9a42e00000 rw-p 00000000 00:00 0 
7f9a42e00000-7f9a43000000 ---p 00000000 00:00 0 
7f9a43000000-7f9a43800000 rw-p 00000000 00:00 0 
7f9a4381e000-7f9a4c000000 r--s 00000000 08:05 4194643                    /usr/lib/jvm/java-11-openjdk-amd64/lib/modules
7f9a4c000000-7f9a4cfc4000 rw-p 00000000 00:00 0 
7f9a4cfc4000-7f9a50000000 ---p 00000000 00:00 0 
7f9a500f1000-7f9a500f5000 ---p 00000000 00:00 0 
7f9a500f5000-7f9a501f2000 rw-p 00000000 00:00 0 
7f9a501f2000-7f9a501f6000 ---p 00000000 00:00 0 
7f9a501f6000-7f9a502f3000 rw-p 00000000 00:00 0 
7f9a502f3000-7f9a502f7000 ---p 00000000 00:00 0 
7f9a502f7000-7f9a503f4000 rw-p 00000000 00:00 0 
7f9a503f4000-7f9a503f8000 ---p 00000000 00:00 0 
7f9a503f8000-7f9a504f5000 rw-p 00000000 00:00 0 
7f9a504f5000-7f9a504f9000 ---p 00000000 00:00 0 
7f9a504f9000-7f9a505f6000 rw-p 00000000 00:00 0 
7f9a505f6000-7f9a505fa000 ---p 00000000 00:00 0 
7f9a505fa000-7f9a506f7000 rw-p 00000000 00:00 0 
7f9a506f7000-7f9a506fb000 ---p 00000000 00:00 0 
7f9a506fb000-7f9a507f8000 rw-p 00000000 00:00 0 
7f9a507f8000-7f9a507fc000 ---p 00000000 00:00 0 
7f9a507fc000-7f9a508f9000 rw-p 00000000 00:00 0 
7f9a508f9000-7f9a508fd000 ---p 00000000 00:00 0 
7f9a508fd000-7f9a509fa000 rw-p 00000000 00:00 0 
7f9a509fa000-7f9a509fe000 ---p 00000000 00:00 0 
7f9a509fe000-7f9a50afb000 rw-p 00000000 00:00 0 
7f9a50afb000-7f9a50aff000 ---p 00000000 00:00 0 
7f9a50aff000-7f9a50bfc000 rw-p 00000000 00:00 0 
7f9a50bfc000-7f9a50c00000 ---p 00000000 00:00 0 
7f9a50c00000-7f9a50cfd000 rw-p 00000000 00:00 0 
7f9a50cfd000-7f9a50d01000 ---p 00000000 00:00 0 
7f9a50d01000-7f9a50dfe000 rw-p 00000000 00:00 0 
7f9a50dfe000-7f9a50e02000 ---p 00000000 00:00 0 
7f9a50e02000-7f9a50eff000 rw-p 00000000 00:00 0 
7f9a50eff000-7f9a50f03000 ---p 00000000 00:00 0 
7f9a50f03000-7f9a51700000 rw-p 00000000 00:00 0 
7f9a51700000-7f9a51800000 rw-p 00000000 00:00 0 
7f9a51800000-7f9a51900000 rw-p 00000000 00:00 0 
7f9a51900000-7f9a51b00000 rw-p 00000000 00:00 0 
7f9a51b00000-7f9a51c00000 rw-p 00000000 00:00 0 
7f9a51c00000-7f9a52000000 rw-p 00000000 00:00 0 
7f9a520fc000-7f9a52100000 ---p 00000000 00:00 0 
7f9a52100000-7f9a521fd000 rw-p 00000000 00:00 0 
7f9a521fd000-7f9a521ff000 r-xp 00000000 08:05 9317514                    /home/james/.vscode/extensions/redhat.java-1.5.0/jre/17.0.2-linux-x86_64/lib/libextnet.so
7f9a521ff000-7f9a523fe000 ---p 00002000 08:05 9317514                    /home/james/.vscode/extensions/redhat.java-1.5.0/jre/17.0.2-linux-x86_64/lib/libextnet.so
7f9a523fe000-7f9a523ff000 r--p 00001000 08:05 9317514                    /home/james/.vscode/extensions/redhat.java-1.5.0/jre/17.0.2-linux-x86_64/lib/libextnet.so
7f9a523ff000-7f9a52400000 rw-p 00002000 08:05 9317514                    /home/james/.vscode/extensions/redhat.java-1.5.0/jre/17.0.2-linux-x86_64/lib/libextnet.so
7f9a52400000-7f9a52500000 rw-p 00000000 00:00 0 
7f9a52500000-7f9a52600000 rw-p 00000000 00:00 0 
7f9a52600000-7f9a52a00000 rw-p 00000000 00:00 0 
7f9a52a00000-7f9a52b00000 rw-p 00000000 00:00 0 
7f9a52b00000-7f9a52c00000 rw-p 00000000 00:00 0 
7f9a52c00000-7f9a52d00000 rw-p 00000000 00:00 0 
7f9a52d00000-7f9a52e00000 rw-p 00000000 00:00 0 
7f9a52e00000-7f9a53000000 rw-p 00000000 00:00 0 
7f9a53000000-7f9a53400000 rw-p 00000000 00:00 0 
7f9a53400000-7f9a53500000 rw-p 00000000 00:00 0 
7f9a53500000-7f9a53600000 rw-p 00000000 00:00 0 
7f9a53600000-7f9a53c00000 rw-p 00000000 00:00 0 
7f9a53cfd000-7f9a53d01000 ---p 00000000 00:00 0 
7f9a53d01000-7f9a53dfe000 rw-p 00000000 00:00 0 
7f9a53dfe000-7f9a53e02000 ---p 00000000 00:00 0 
7f9a53e02000-7f9a53eff000 rw-p 00000000 00:00 0 
7f9a53eff000-7f9a53f03000 ---p 00000000 00:00 0 
7f9a53f03000-7f9a54000000 rw-p 00000000 00:00 0 
7f9a54000000-7f9a5408c000 rw-p 00000000 00:00 0 
7f9a5408c000-7f9a58000000 ---p 00000000 00:00 0 
7f9a58000000-7f9a58387000 rw-p 00000000 00:00 0 
7f9a58387000-7f9a5c000000 ---p 00000000 00:00 0 
7f9a5c000000-7f9a5c3bd000 rw-p 00000000 00:00 0 
7f9a5c3bd000-7f9a60000000 ---p 00000000 00:00 0 
7f9a60000000-7f9a6013a000 rw-p 00000000 00:00 0 
7f9a6013a000-7f9a64000000 ---p 00000000 00:00 0 
7f9a64000000-7f9a640fd000 rw-p 00000000 00:00 0 
7f9a640fd000-7f9a68000000 ---p 00000000 00:00 0 
7f9a680d5000-7f9a680d9000 ---p 00000000 00:00 0 
7f9a680d9000-7f9a681d6000 rw-p 00000000 00:00 0 
7f9a681d6000-7f9a681da000 ---p 00000000 00:00 0 
7f9a681da000-7f9a682d7000 rw-p 00000000 00:00 0 
7f9a682d7000-7f9a682db000 ---p 00000000 00:00 0 
7f9a682db000-7f9a683d8000 rw-p 00000000 00:00 0 
7f9a683d8000-7f9a683e5000 r-xp 00000000 08:05 9317541                    /home/james/.vscode/extensions/redhat.java-1.5.0/jre/17.0.2-linux-x86_64/lib/libverify.so
7f9a683e5000-7f9a685e4000 ---p 0000d000 08:05 9317541                    /home/james/.vscode/extensions/redhat.java-1.5.0/jre/17.0.2-linux-x86_64/lib/libverify.so
7f9a685e4000-7f9a685e6000 r--p 0000c000 08:05 9317541                    /home/james/.vscode/extensions/redhat.java-1.5.0/jre/17.0.2-linux-x86_64/lib/libverify.so
7f9a685e6000-7f9a685e7000 rw-p 0000e000 08:05 9317541                    /home/james/.vscode/extensions/redhat.java-1.5.0/jre/17.0.2-linux-x86_64/lib/libverify.so
7f9a685e7000-7f9a685eb000 ---p 00000000 00:00 0 
7f9a685eb000-7f9a686e8000 rw-p 00000000 00:00 0 
7f9a686e8000-7f9a686ec000 ---p 00000000 00:00 0 
7f9a686ec000-7f9a687e9000 rw-p 00000000 00:00 0 
7f9a687e9000-7f9a687ed000 ---p 00000000 00:00 0 
7f9a687ed000-7f9a688ea000 rw-p 00000000 00:00 0 
7f9a688ea000-7f9a688ee000 ---p 00000000 00:00 0 
7f9a688ee000-7f9a689eb000 rw-p 00000000 00:00 0 
7f9a689eb000-7f9a689ef000 ---p 00000000 00:00 0 
7f9a689ef000-7f9a68aec000 rw-p 00000000 00:00 0 
7f9a68aec000-7f9a68af0000 ---p 00000000 00:00 0 
7f9a68af0000-7f9a68bed000 rw-p 00000000 00:00 0 
7f9a68bed000-7f9a68bfd000 r-xp 00000000 08:05 9175135                    /home/james/.config/Code/User/globalStorage/redhat.java/1.5.0/config_linux/org.eclipse.equinox.launcher/org.eclipse.equinox.launcher.gtk.linux.x86_64_1.2.400.v20211117-0650/eclipse_11600.so
7f9a68bfd000-7f9a68dfc000 ---p 00010000 08:05 9175135                    /home/james/.config/Code/User/globalStorage/redhat.java/1.5.0/config_linux/org.eclipse.equinox.launcher/org.eclipse.equinox.launcher.gtk.linux.x86_64_1.2.400.v20211117-0650/eclipse_11600.so
7f9a68dfc000-7f9a68dfd000 r--p 0000f000 08:05 9175135                    /home/james/.config/Code/User/globalStorage/redhat.java/1.5.0/config_linux/org.eclipse.equinox.launcher/org.eclipse.equinox.launcher.gtk.linux.x86_64_1.2.400.v20211117-0650/eclipse_11600.so
7f9a68dfd000-7f9a68dfe000 rw-p 00010000 08:05 9175135                    /home/james/.config/Code/User/globalStorage/redhat.java/1.5.0/config_linux/org.eclipse.equinox.launcher/org.eclipse.equinox.launcher.gtk.linux.x86_64_1.2.400.v20211117-0650/eclipse_11600.so
7f9a68dfe000-7f9a68e02000 ---p 00000000 00:00 0 
7f9a68e02000-7f9a68eff000 rw-p 00000000 00:00 0 
7f9a68eff000-7f9a68f03000 ---p 00000000 00:00 0 
7f9a68f03000-7f9a69100000 rw-p 00000000 00:00 0 
7f9a69100000-7f9a69200000 rw-p 00000000 00:00 0 
7f9a69200000-7f9a69400000 rw-p 00000000 00:00 0 
7f9a69400000-7f9a69580000 rw-p 00000000 00:00 0 
7f9a69580000-7f9a69600000 rw-p 00000000 00:00 0 
7f9a69600000-7f9a69780000 rw-p 00000000 00:00 0 
7f9a69780000-7f9a69800000 rw-p 00000000 00:00 0 
7f9a69815000-7f9a69816000 r--p 00000000 08:05 1575051                    /usr/lib/x86_64-linux-gnu/libnss_dns-2.31.so
7f9a69816000-7f9a6981a000 r-xp 00001000 08:05 1575051                    /usr/lib/x86_64-linux-gnu/libnss_dns-2.31.so
7f9a6981a000-7f9a6981b000 r--p 00005000 08:05 1575051                    /usr/lib/x86_64-linux-gnu/libnss_dns-2.31.so
7f9a6981b000-7f9a6981c000 r--p 00005000 08:05 1575051                    /usr/lib/x86_64-linux-gnu/libnss_dns-2.31.so
7f9a6981c000-7f9a6981d000 rw-p 00006000 08:05 1575051                    /usr/lib/x86_64-linux-gnu/libnss_dns-2.31.so
7f9a6981d000-7f9a69821000 r--p 00000000 08:05 1575058                    /usr/lib/x86_64-linux-gnu/libresolv-2.31.so
7f9a69821000-7f9a69831000 r-xp 00004000 08:05 1575058                    /usr/lib/x86_64-linux-gnu/libresolv-2.31.so
7f9a69831000-7f9a69835000 r--p 00014000 08:05 1575058                    /usr/lib/x86_64-linux-gnu/libresolv-2.31.so
7f9a69835000-7f9a69836000 r--p 00017000 08:05 1575058                    /usr/lib/x86_64-linux-gnu/libresolv-2.31.so
7f9a69836000-7f9a69837000 rw-p 00018000 08:05 1575058                    /usr/lib/x86_64-linux-gnu/libresolv-2.31.so
7f9a69837000-7f9a69839000 rw-p 00000000 00:00 0 
7f9a69848000-7f9a6984c000 ---p 00000000 00:00 0 
7f9a6984c000-7f9a69949000 rw-p 00000000 00:00 0 
7f9a69949000-7f9a6994d000 ---p 00000000 00:00 0 
7f9a6994d000-7f9a69a4a000 rw-p 00000000 00:00 0 
7f9a69a4a000-7f9a69a5f000 r-xp 00000000 08:05 9317534                    /home/james/.vscode/extensions/redhat.java-1.5.0/jre/17.0.2-linux-x86_64/lib/libnet.so
7f9a69a5f000-7f9a69c5e000 ---p 00015000 08:05 9317534                    /home/james/.vscode/extensions/redhat.java-1.5.0/jre/17.0.2-linux-x86_64/lib/libnet.so
7f9a69c5e000-7f9a69c5f000 r--p 00014000 08:05 9317534                    /home/james/.vscode/extensions/redhat.java-1.5.0/jre/17.0.2-linux-x86_64/lib/libnet.so
7f9a69c5f000-7f9a69c60000 rw-p 00015000 08:05 9317534                    /home/james/.vscode/extensions/redhat.java-1.5.0/jre/17.0.2-linux-x86_64/lib/libnet.so
7f9a69c60000-7f9a69c72000 r-xp 00000000 08:05 9317535                    /home/james/.vscode/extensions/redhat.java-1.5.0/jre/17.0.2-linux-x86_64/lib/libnio.so
7f9a69c72000-7f9a69e71000 ---p 00012000 08:05 9317535                    /home/james/.vscode/extensions/redhat.java-1.5.0/jre/17.0.2-linux-x86_64/lib/libnio.so
7f9a69e71000-7f9a69e72000 r--p 00011000 08:05 9317535                    /home/james/.vscode/extensions/redhat.java-1.5.0/jre/17.0.2-linux-x86_64/lib/libnio.so
7f9a69e72000-7f9a69e73000 rw-p 00012000 08:05 9317535                    /home/james/.vscode/extensions/redhat.java-1.5.0/jre/17.0.2-linux-x86_64/lib/libnio.so
7f9a69e73000-7f9a69e74000 ---p 00000000 00:00 0 
7f9a69e74000-7f9a69f75000 rw-p 00000000 00:00 0 
7f9a69f75000-7f9a69f79000 ---p 00000000 00:00 0 
7f9a69f79000-7f9a6a076000 rw-p 00000000 00:00 0 
7f9a6a076000-7f9a6a07a000 ---p 00000000 00:00 0 
7f9a6a07a000-7f9a6a177000 rw-p 00000000 00:00 0 
7f9a6a177000-7f9a6a17b000 ---p 00000000 00:00 0 
7f9a6a17b000-7f9a6a278000 rw-p 00000000 00:00 0 
7f9a6a278000-7f9a6a27c000 ---p 00000000 00:00 0 
7f9a6a27c000-7f9a6a379000 rw-p 00000000 00:00 0 
7f9a6a379000-7f9a6a37d000 ---p 00000000 00:00 0 
7f9a6a37d000-7f9a6a47a000 rw-p 00000000 00:00 0 
7f9a6a47a000-7f9a6a47e000 ---p 00000000 00:00 0 
7f9a6a47e000-7f9a6a57b000 rw-p 00000000 00:00 0 
7f9a6a57b000-7f9a6a57f000 ---p 00000000 00:00 0 
7f9a6a57f000-7f9a6a67c000 rw-p 00000000 00:00 0 
7f9a6a67c000-7f9a6a680000 ---p 00000000 00:00 0 
7f9a6a680000-7f9a6a77d000 rw-p 00000000 00:00 0 
7f9a6a77d000-7f9a6aced000 r--p 00000000 08:05 1573496                    /usr/lib/locale/locale-archive
7f9a6aced000-7f9a6acf1000 ---p 00000000 00:00 0 
7f9a6acf1000-7f9a6adee000 rw-p 00000000 00:00 0 
7f9a6adee000-7f9a6adf2000 ---p 00000000 00:00 0 
7f9a6adf2000-7f9a6aeef000 rw-p 00000000 00:00 0 
7f9a6aeef000-7f9a6aef0000 ---p 00000000 00:00 0 
7f9a6aef0000-7f9a6b5f7000 rw-p 00000000 00:00 0 
7f9a6b5f7000-7f9a6b5fe000 r-xp 00000000 08:05 9317543                    /home/james/.vscode/extensions/redhat.java-1.5.0/jre/17.0.2-linux-x86_64/lib/libzip.so
7f9a6b5fe000-7f9a6b7fe000 ---p 00007000 08:05 9317543                    /home/james/.vscode/extensions/redhat.java-1.5.0/jre/17.0.2-linux-x86_64/lib/libzip.so
7f9a6b7fe000-7f9a6b7ff000 r--p 00007000 08:05 9317543                    /home/james/.vscode/extensions/redhat.java-1.5.0/jre/17.0.2-linux-x86_64/lib/libzip.so
7f9a6b7ff000-7f9a6b800000 rw-p 00008000 08:05 9317543                    /home/james/.vscode/extensions/redhat.java-1.5.0/jre/17.0.2-linux-x86_64/lib/libzip.so
7f9a6b800000-7f9a6bc00000 rw-p 00000000 00:00 0 
7f9a6bc00000-7f9a6bc20000 rw-p 00000000 00:00 0 
7f9a6bc20000-7f9a6bc40000 rw-p 00000000 00:00 0 
7f9a6bc40000-7f9a6bc80000 rw-p 00000000 00:00 0 
7f9a6bc80000-7f9a6bd00000 rw-p 00000000 00:00 0 
7f9a6bd00000-7f9a6bf00000 rw-p 00000000 00:00 0 
7f9a6bf00000-7f9a6bf40000 rw-p 00000000 00:00 0 
7f9a6bf40000-7f9a6bf80000 rw-p 00000000 00:00 0 
7f9a6bf80000-7f9a6c000000 rw-p 00000000 00:00 0 
7f9a6c000000-7f9a6c224000 rw-p 00000000 00:00 0 
7f9a6c224000-7f9a70000000 ---p 00000000 00:00 0 
7f9a70000000-7f9a70007000 r--s 00000000 08:05 2233599                    /usr/lib/x86_64-linux-gnu/gconv/gconv-modules.cache
7f9a70007000-7f9a7000b000 ---p 00000000 00:00 0 
7f9a7000b000-7f9a72346000 rw-p 00000000 00:00 0 
7f9a72346000-7f9a72400000 ---p 00000000 00:00 0 
7f9a72400000-7f9a72670000 rwxp 00000000 00:00 0 
7f9a72670000-7f9a7298f000 ---p 00000000 00:00 0 
7f9a7298f000-7f9a7482f000 rwxp 00000000 00:00 0 
7f9a7482f000-7f9a79ec7000 ---p 00000000 00:00 0 
7f9a79ec7000-7f9a7a9b7000 rwxp 00000000 00:00 0 
7f9a7a9b7000-7f9a81400000 ---p 00000000 00:00 0 
7f9a81400000-7f9a84000000 r--s 00000000 08:05 9317542                    /home/james/.vscode/extensions/redhat.java-1.5.0/jre/17.0.2-linux-x86_64/lib/modules
7f9a84000000-7f9a8483c000 rw-p 00000000 00:00 0 
7f9a8483c000-7f9a88000000 ---p 00000000 00:00 0 
7f9a88002000-7f9a88003000 r--p 00000000 08:05 1581226                    /usr/lib/x86_64-linux-gnu/libnss_mdns4_minimal.so.2
7f9a88003000-7f9a88005000 r-xp 00001000 08:05 1581226                    /usr/lib/x86_64-linux-gnu/libnss_mdns4_minimal.so.2
7f9a88005000-7f9a88006000 r--p 00003000 08:05 1581226                    /usr/lib/x86_64-linux-gnu/libnss_mdns4_minimal.so.2
7f9a88006000-7f9a88007000 r--p 00003000 08:05 1581226                    /usr/lib/x86_64-linux-gnu/libnss_mdns4_minimal.so.2
7f9a88007000-7f9a88008000 rw-p 00004000 08:05 1581226                    /usr/lib/x86_64-linux-gnu/libnss_mdns4_minimal.so.2
7f9a88008000-7f9a880b8000 rw-p 00000000 00:00 0 
7f9a880b8000-7f9a880b9000 ---p 00000000 00:00 0 
7f9a880b9000-7f9a88256000 rw-p 00000000 00:00 0 
7f9a88256000-7f9a8830f000 ---p 00000000 00:00 0 
7f9a8830f000-7f9a88314000 rw-p 00000000 00:00 0 
7f9a88314000-7f9a883ba000 ---p 00000000 00:00 0 
7f9a883ba000-7f9a883d1000 rw-p 00000000 00:00 0 
7f9a883d1000-7f9a884a6000 ---p 00000000 00:00 0 
7f9a884a6000-7f9a884e4000 rw-p 00000000 00:00 0 
7f9a884e4000-7f9a88591000 ---p 00000000 00:00 0 
7f9a88591000-7f9a885b5000 r-xp 00000000 08:05 9317521                    /home/james/.vscode/extensions/redhat.java-1.5.0/jre/17.0.2-linux-x86_64/lib/libjava.so
7f9a885b5000-7f9a887b5000 ---p 00024000 08:05 9317521                    /home/james/.vscode/extensions/redhat.java-1.5.0/jre/17.0.2-linux-x86_64/lib/libjava.so
7f9a887b5000-7f9a887b6000 r--p 00024000 08:05 9317521                    /home/james/.vscode/extensions/redhat.java-1.5.0/jre/17.0.2-linux-x86_64/lib/libjava.so
7f9a887b6000-7f9a887b7000 rw-p 00025000 08:05 9317521                    /home/james/.vscode/extensions/redhat.java-1.5.0/jre/17.0.2-linux-x86_64/lib/libjava.so
7f9a887b7000-7f9a887b8000 rw-p 00000000 00:00 0 
7f9a887b8000-7f9a887bb000 r--p 00000000 08:05 1575052                    /usr/lib/x86_64-linux-gnu/libnss_files-2.31.so
7f9a887bb000-7f9a887c2000 r-xp 00003000 08:05 1575052                    /usr/lib/x86_64-linux-gnu/libnss_files-2.31.so
7f9a887c2000-7f9a887c4000 r--p 0000a000 08:05 1575052                    /usr/lib/x86_64-linux-gnu/libnss_files-2.31.so
7f9a887c4000-7f9a887c5000 r--p 0000b000 08:05 1575052                    /usr/lib/x86_64-linux-gnu/libnss_files-2.31.so
7f9a887c5000-7f9a887c6000 rw-p 0000c000 08:05 1575052                    /usr/lib/x86_64-linux-gnu/libnss_files-2.31.so
7f9a887c6000-7f9a887cc000 rw-p 00000000 00:00 0 
7f9a887cf000-7f9a887d4000 rw-p 00000000 00:00 0 
7f9a887d4000-7f9a887db000 ---p 00000000 00:00 0 
7f9a887db000-7f9a887f6000 r-xp 00000000 08:05 9317525                    /home/james/.vscode/extensions/redhat.java-1.5.0/jre/17.0.2-linux-x86_64/lib/libjimage.so
7f9a887f6000-7f9a889f5000 ---p 0001b000 08:05 9317525                    /home/james/.vscode/extensions/redhat.java-1.5.0/jre/17.0.2-linux-x86_64/lib/libjimage.so
7f9a889f5000-7f9a889f7000 r--p 0001a000 08:05 9317525                    /home/james/.vscode/extensions/redhat.java-1.5.0/jre/17.0.2-linux-x86_64/lib/libjimage.so
7f9a889f7000-7f9a889f8000 rw-p 0001c000 08:05 9317525                    /home/james/.vscode/extensions/redhat.java-1.5.0/jre/17.0.2-linux-x86_64/lib/libjimage.so
7f9a889f8000-7f9a889fc000 ---p 00000000 00:00 0 
7f9a889fc000-7f9a88af9000 rw-p 00000000 00:00 0 
7f9a88af9000-7f9a88b06000 r--p 00000000 08:05 1575046                    /usr/lib/x86_64-linux-gnu/libm-2.31.so
7f9a88b06000-7f9a88bad000 r-xp 0000d000 08:05 1575046                    /usr/lib/x86_64-linux-gnu/libm-2.31.so
7f9a88bad000-7f9a88c46000 r--p 000b4000 08:05 1575046                    /usr/lib/x86_64-linux-gnu/libm-2.31.so
7f9a88c46000-7f9a88c47000 r--p 0014c000 08:05 1575046                    /usr/lib/x86_64-linux-gnu/libm-2.31.so
7f9a88c47000-7f9a88c48000 rw-p 0014d000 08:05 1575046                    /usr/lib/x86_64-linux-gnu/libm-2.31.so
7f9a88c48000-7f9a88c4a000 r--p 00000000 08:05 1575059                    /usr/lib/x86_64-linux-gnu/librt-2.31.so
7f9a88c4a000-7f9a88c4e000 r-xp 00002000 08:05 1575059                    /usr/lib/x86_64-linux-gnu/librt-2.31.so
7f9a88c4e000-7f9a88c50000 r--p 00006000 08:05 1575059                    /usr/lib/x86_64-linux-gnu/librt-2.31.so
7f9a88c50000-7f9a88c51000 r--p 00007000 08:05 1575059                    /usr/lib/x86_64-linux-gnu/librt-2.31.so
7f9a88c51000-7f9a88c52000 rw-p 00008000 08:05 1575059                    /usr/lib/x86_64-linux-gnu/librt-2.31.so
7f9a88c52000-7f9a89f36000 r-xp 00000000 08:05 9437976                    /home/james/.vscode/extensions/redhat.java-1.5.0/jre/17.0.2-linux-x86_64/lib/server/libjvm.so
7f9a89f36000-7f9a8a136000 ---p 012e4000 08:05 9437976                    /home/james/.vscode/extensions/redhat.java-1.5.0/jre/17.0.2-linux-x86_64/lib/server/libjvm.so
7f9a8a136000-7f9a8a1ef000 r--p 012e4000 08:05 9437976                    /home/james/.vscode/extensions/redhat.java-1.5.0/jre/17.0.2-linux-x86_64/lib/server/libjvm.so
7f9a8a1ef000-7f9a8a224000 rw-p 0139d000 08:05 9437976                    /home/james/.vscode/extensions/redhat.java-1.5.0/jre/17.0.2-linux-x86_64/lib/server/libjvm.so
7f9a8a224000-7f9a8a27f000 rw-p 00000000 00:00 0 
7f9a8a27f000-7f9a8a2a1000 r--p 00000000 08:05 1575044                    /usr/lib/x86_64-linux-gnu/libc-2.31.so
7f9a8a2a1000-7f9a8a419000 r-xp 00022000 08:05 1575044                    /usr/lib/x86_64-linux-gnu/libc-2.31.so
7f9a8a419000-7f9a8a467000 r--p 0019a000 08:05 1575044                    /usr/lib/x86_64-linux-gnu/libc-2.31.so
7f9a8a467000-7f9a8a46b000 r--p 001e7000 08:05 1575044                    /usr/lib/x86_64-linux-gnu/libc-2.31.so
7f9a8a46b000-7f9a8a46d000 rw-p 001eb000 08:05 1575044                    /usr/lib/x86_64-linux-gnu/libc-2.31.so
7f9a8a46d000-7f9a8a471000 rw-p 00000000 00:00 0 
7f9a8a471000-7f9a8a472000 r--p 00000000 08:05 1575045                    /usr/lib/x86_64-linux-gnu/libdl-2.31.so
7f9a8a472000-7f9a8a474000 r-xp 00001000 08:05 1575045                    /usr/lib/x86_64-linux-gnu/libdl-2.31.so
7f9a8a474000-7f9a8a475000 r--p 00003000 08:05 1575045                    /usr/lib/x86_64-linux-gnu/libdl-2.31.so
7f9a8a475000-7f9a8a476000 r--p 00003000 08:05 1575045                    /usr/lib/x86_64-linux-gnu/libdl-2.31.so
7f9a8a476000-7f9a8a477000 rw-p 00004000 08:05 1575045                    /usr/lib/x86_64-linux-gnu/libdl-2.31.so
7f9a8a477000-7f9a8a47d000 r--p 00000000 08:05 1575057                    /usr/lib/x86_64-linux-gnu/libpthread-2.31.so
7f9a8a47d000-7f9a8a48e000 r-xp 00006000 08:05 1575057                    /usr/lib/x86_64-linux-gnu/libpthread-2.31.so
7f9a8a48e000-7f9a8a494000 r--p 00017000 08:05 1575057                    /usr/lib/x86_64-linux-gnu/libpthread-2.31.so
7f9a8a494000-7f9a8a495000 r--p 0001c000 08:05 1575057                    /usr/lib/x86_64-linux-gnu/libpthread-2.31.so
7f9a8a495000-7f9a8a496000 rw-p 0001d000 08:05 1575057                    /usr/lib/x86_64-linux-gnu/libpthread-2.31.so
7f9a8a496000-7f9a8a49a000 rw-p 00000000 00:00 0 
7f9a8a49a000-7f9a8a4a9000 r-xp 00000000 08:05 9317526                    /home/james/.vscode/extensions/redhat.java-1.5.0/jre/17.0.2-linux-x86_64/lib/libjli.so
7f9a8a4a9000-7f9a8a6a9000 ---p 0000f000 08:05 9317526                    /home/james/.vscode/extensions/redhat.java-1.5.0/jre/17.0.2-linux-x86_64/lib/libjli.so
7f9a8a6a9000-7f9a8a6aa000 r--p 0000f000 08:05 9317526                    /home/james/.vscode/extensions/redhat.java-1.5.0/jre/17.0.2-linux-x86_64/lib/libjli.so
7f9a8a6aa000-7f9a8a6ab000 rw-p 00010000 08:05 9317526                    /home/james/.vscode/extensions/redhat.java-1.5.0/jre/17.0.2-linux-x86_64/lib/libjli.so
7f9a8a6ab000-7f9a8a6ad000 r--p 00000000 08:05 1591609                    /usr/lib/x86_64-linux-gnu/libz.so.1.2.11
7f9a8a6ad000-7f9a8a6be000 r-xp 00002000 08:05 1591609                    /usr/lib/x86_64-linux-gnu/libz.so.1.2.11
7f9a8a6be000-7f9a8a6c4000 r--p 00013000 08:05 1591609                    /usr/lib/x86_64-linux-gnu/libz.so.1.2.11
7f9a8a6c4000-7f9a8a6c5000 ---p 00019000 08:05 1591609                    /usr/lib/x86_64-linux-gnu/libz.so.1.2.11
7f9a8a6c5000-7f9a8a6c6000 r--p 00019000 08:05 1591609                    /usr/lib/x86_64-linux-gnu/libz.so.1.2.11
7f9a8a6c6000-7f9a8a6c7000 rw-p 0001a000 08:05 1591609                    /usr/lib/x86_64-linux-gnu/libz.so.1.2.11
7f9a8a6cb000-7f9a8a6cc000 r--p 00000000 08:05 3934177                    /usr/share/locale-langpack/en_AU/LC_MESSAGES/libc.mo
7f9a8a6cc000-7f9a8a6d4000 rw-s 00000000 08:05 7602627                    /tmp/hsperfdata_james/37082
7f9a8a6d4000-7f9a8a6d5000 ---p 00000000 00:00 0 
7f9a8a6d5000-7f9a8a6d6000 r--p 00000000 00:00 0 
7f9a8a6d6000-7f9a8a6d8000 rw-p 00000000 00:00 0 
7f9a8a6d8000-7f9a8a6d9000 r--p 00000000 08:05 1575037                    /usr/lib/x86_64-linux-gnu/ld-2.31.so
7f9a8a6d9000-7f9a8a6fc000 r-xp 00001000 08:05 1575037                    /usr/lib/x86_64-linux-gnu/ld-2.31.so
7f9a8a6fc000-7f9a8a704000 r--p 00024000 08:05 1575037                    /usr/lib/x86_64-linux-gnu/ld-2.31.so
7f9a8a704000-7f9a8a705000 ---p 00000000 00:00 0 
7f9a8a705000-7f9a8a706000 r--p 0002c000 08:05 1575037                    /usr/lib/x86_64-linux-gnu/ld-2.31.so
7f9a8a706000-7f9a8a707000 rw-p 0002d000 08:05 1575037                    /usr/lib/x86_64-linux-gnu/ld-2.31.so
7f9a8a707000-7f9a8a708000 rw-p 00000000 00:00 0 
7ffdfc67e000-7ffdfc6a0000 rw-p 00000000 00:00 0                          [stack]
7ffdfc7e4000-7ffdfc7e8000 r--p 00000000 00:00 0                          [vvar]
7ffdfc7e8000-7ffdfc7ea000 r-xp 00000000 00:00 0                          [vdso]
ffffffffff600000-ffffffffff601000 --xp 00000000 00:00 0                  [vsyscall]


VM Arguments:
jvm_args: --add-modules=ALL-SYSTEM --add-opens=java.base/java.util=ALL-UNNAMED --add-opens=java.base/java.lang=ALL-UNNAMED --add-opens=java.base/sun.nio.fs=ALL-UNNAMED -Declipse.application=org.eclipse.jdt.ls.core.id1 -Dosgi.bundles.defaultStartLevel=4 -Declipse.product=org.eclipse.jdt.ls.core.product -Djava.import.generatesMetadataFilesAtProjectRoot=false -Dfile.encoding=utf8 -XX:+UseParallelGC -XX:GCTimeRatio=4 -XX:AdaptiveSizePolicyWeight=90 -Dsun.zip.disableMemoryMapping=true -Xmx1G -Xms100m -XX:+HeapDumpOnOutOfMemoryError -XX:HeapDumpPath=/home/james/.config/Code/User/workspaceStorage/1fec0855a8ac246024c1622ea1838c54/redhat.java 
java_command: /home/james/.vscode/extensions/redhat.java-1.5.0/server/plugins/org.eclipse.equinox.launcher_1.6.400.v20210924-0641.jar -configuration /home/james/.config/Code/User/globalStorage/redhat.java/1.5.0/config_linux -data /home/james/.config/Code/User/workspaceStorage/1fec0855a8ac246024c1622ea1838c54/redhat.java/jdt_ws
java_class_path (initial): /home/james/.vscode/extensions/redhat.java-1.5.0/server/plugins/org.eclipse.equinox.launcher_1.6.400.v20210924-0641.jar
Launcher Type: SUN_STANDARD

[Global flags]
    uintx AdaptiveSizePolicyWeight                 = 90                                        {product} {command line}
     intx CICompilerCount                          = 2                                         {product} {ergonomic}
    uintx GCTimeRatio                              = 4                                         {product} {command line}
     bool HeapDumpOnOutOfMemoryError               = true                                   {manageable} {command line}
    ccstr HeapDumpPath                             = /home/james/.config/Code/User/workspaceStorage/1fec0855a8ac246024c1622ea1838c54/redhat.java         {manageable} {command line}
   size_t InitialHeapSize                          = 104857600                                 {product} {command line}
   size_t MaxHeapSize                              = 1073741824                                {product} {command line}
   size_t MaxNewSize                               = 357564416                                 {product} {ergonomic}
   size_t MinHeapDeltaBytes                        = 524288                                    {product} {ergonomic}
   size_t MinHeapSize                              = 104857600                                 {product} {command line}
   size_t NewSize                                  = 34603008                                  {product} {ergonomic}
    uintx NonNMethodCodeHeapSize                   = 5826188                                {pd product} {ergonomic}
    uintx NonProfiledCodeHeapSize                  = 122916026                              {pd product} {ergonomic}
   size_t OldSize                                  = 70254592                                  {product} {ergonomic}
    uintx ProfiledCodeHeapSize                     = 122916026                              {pd product} {ergonomic}
    uintx ReservedCodeCacheSize                    = 251658240                              {pd product} {ergonomic}
     bool SegmentedCodeCache                       = true                                      {product} {ergonomic}
   size_t SoftMaxHeapSize                          = 1073741824                             {manageable} {ergonomic}
     bool UseCompressedClassPointers               = true                           {product lp64_product} {ergonomic}
     bool UseCompressedOops                        = true                           {product lp64_product} {ergonomic}
     bool UseParallelGC                            = true                                      {product} {command line}

Logging:
Log output configuration:
 #0: stdout all=warning uptime,level,tags
 #1: stderr all=off uptime,level,tags

Environment Variables:
PATH=/usr/local/sbin:/usr/local/bin:/usr/sbin:/usr/bin:/sbin:/bin:/usr/games:/usr/local/games:/snap/bin
USERNAME=james
SHELL=/bin/bash
DISPLAY=:0
LANG=en_AU.UTF-8

Signal Handlers:
   SIGSEGV: crash_handler in libjvm.so, mask=11100100010111111101111111111110, flags=SA_RESTART|SA_SIGINFO
    SIGBUS: crash_handler in libjvm.so, mask=11100100010111111101111111111110, flags=SA_RESTART|SA_SIGINFO
    SIGFPE: crash_handler in libjvm.so, mask=11100100010111111101111111111110, flags=SA_RESTART|SA_SIGINFO
   SIGPIPE: javaSignalHandler in libjvm.so, mask=11100100010111111101111111111110, flags=SA_RESTART|SA_SIGINFO
   SIGXFSZ: javaSignalHandler in libjvm.so, mask=11100100010111111101111111111110, flags=SA_RESTART|SA_SIGINFO
    SIGILL: crash_handler in libjvm.so, mask=11100100010111111101111111111110, flags=SA_RESTART|SA_SIGINFO
   SIGUSR2: SR_handler in libjvm.so, mask=00000000000000000000000000000000, flags=SA_RESTART|SA_SIGINFO
    SIGHUP: UserHandler in libjvm.so, mask=11100100010111111101111111111110, flags=SA_RESTART|SA_SIGINFO
    SIGINT: UserHandler in libjvm.so, mask=11100100010111111101111111111110, flags=SA_RESTART|SA_SIGINFO
   SIGTERM: UserHandler in libjvm.so, mask=11100100010111111101111111111110, flags=SA_RESTART|SA_SIGINFO
   SIGQUIT: UserHandler in libjvm.so, mask=11100100010111111101111111111110, flags=SA_RESTART|SA_SIGINFO
   SIGTRAP: crash_handler in libjvm.so, mask=11100100010111111101111111111110, flags=SA_RESTART|SA_SIGINFO


---------------  S Y S T E M  ---------------

OS:
DISTRIB_ID=Ubuntu
DISTRIB_RELEASE=20.04
DISTRIB_CODENAME=focal
DISTRIB_DESCRIPTION="Ubuntu 20.04.4 LTS"
uname: Linux 5.13.0-39-generic #44~20.04.1-Ubuntu SMP Thu Mar 24 16:43:35 UTC 2022 x86_64
OS uptime: 0 days 0:29 hours
libc: glibc 2.31 NPTL 2.31 
rlimit (soft/hard): STACK 8192k/infinity , CORE 0k/infinity , NPROC 70005/70005 , NOFILE 1048576/1048576 , AS infinity/infinity , CPU infinity/infinity , DATA infinity/infinity , FSIZE infinity/infinity , MEMLOCK 65536k/65536k
load average: 1.62 1.27 1.23

/proc/meminfo:
MemTotal:       17991896 kB
MemFree:         9896804 kB
MemAvailable:   15075360 kB
Buffers:           35116 kB
Cached:          5313260 kB
SwapCached:            0 kB
Active:          1523432 kB
Inactive:        6090280 kB
Active(anon):       2240 kB
Inactive(anon):  2364684 kB
Active(file):    1521192 kB
Inactive(file):  3725596 kB
Unevictable:          48 kB
Mlocked:              48 kB
SwapTotal:       2097148 kB
SwapFree:        2097148 kB
Dirty:               228 kB
Writeback:             0 kB
AnonPages:       2265412 kB
Mapped:           865000 kB
Shmem:            106368 kB
KReclaimable:     277772 kB
Slab:             364044 kB
SReclaimable:     277772 kB
SUnreclaim:        86272 kB
KernelStack:       11488 kB
PageTables:        31040 kB
NFS_Unstable:          0 kB
Bounce:                0 kB
WritebackTmp:          0 kB
CommitLimit:    11093096 kB
Committed_AS:    8609384 kB
VmallocTotal:   34359738367 kB
VmallocUsed:       50852 kB
VmallocChunk:          0 kB
Percpu:              904 kB
HardwareCorrupted:     0 kB
AnonHugePages:         0 kB
ShmemHugePages:        0 kB
ShmemPmdMapped:        0 kB
FileHugePages:         0 kB
FilePmdMapped:         0 kB
HugePages_Total:       0
HugePages_Free:        0
HugePages_Rsvd:        0
HugePages_Surp:        0
Hugepagesize:       2048 kB
Hugetlb:               0 kB
DirectMap4k:      217024 kB
DirectMap2M:    18214912 kB

/sys/kernel/mm/transparent_hugepage/enabled: always [madvise] never
/sys/kernel/mm/transparent_hugepage/defrag (defrag/compaction efforts parameter): always defer defer+madvise [madvise] never

Process Memory:
Virtual Size: 3336664K (peak: 3338892K)
Resident Set Size: 722548K (peak: 926116K) (anon: 553564K, file: 168984K, shmem: 0K)
Swapped out: 0K
C-Heap outstanding allocations: 39163K

/proc/sys/kernel/threads-max (system-wide limit on the number of threads): 140011
/proc/sys/vm/max_map_count (maximum number of memory map areas a process may have): 65530
/proc/sys/kernel/pid_max (system-wide limit on number of process identifiers): 4194304

container (cgroup) information:
container_type: cgroupv1
cpu_cpuset_cpus: 0
cpu_memory_nodes: 0
active_processor_count: 1
cpu_quota: no quota
cpu_period: 100000
cpu_shares: no shares
memory_limit_in_bytes: unlimited
memory_and_swap_limit_in_bytes: unlimited
memory_soft_limit_in_bytes: unlimited
memory_usage_in_bytes: 6659698688
memory_max_usage_in_bytes: 6936322048

KVM virtualization detected
Steal ticks since vm start: 0
Steal ticks percentage since vm start:  0.000

CPU: total 1 (initial active 1) (1 cores per cpu, 1 threads per core) family 23 model 8 stepping 2 microcode 0x6000626, cx8, cmov, fxsr, mmx, sse, sse2, sse3, ssse3, sse4a, sse4.1, sse4.2, popcnt, lzcnt, tsc, tscinvbit, avx, avx2, aes, clmul, vzeroupper, clflush, clflushopt, hv
CPU Model and flags from /proc/cpuinfo:
model name	: AMD Ryzen 5 2600 Six-Core Processor
flags		: fpu vme de pse tsc msr pae mce cx8 apic sep mtrr pge mca cmov pat pse36 clflush mmx fxsr sse sse2 ht syscall nx mmxext fxsr_opt rdtscp lm constant_tsc rep_good nopl nonstop_tsc cpuid extd_apicid tsc_known_freq pni pclmulqdq monitor ssse3 cx16 sse4_1 sse4_2 x2apic movbe popcnt aes xsave avx rdrand hypervisor lahf_lm cr8_legacy abm sse4a misalignsse 3dnowprefetch ssbd vmmcall fsgsbase avx2 rdseed clflushopt arat

Online cpus: 0
Offline cpus: 
BIOS frequency limitation: <Not Available>
Frequency switch latency (ns): <Not Available>
Available cpu frequencies: <Not Available>
Current governor: <Not Available>
Core performance/turbo boost: <Not Available>

Memory: 4k page, physical 17991896k(9896804k free), swap 2097148k(2097148k free)
Page Sizes: 4k

vm_info: OpenJDK 64-Bit Server VM (17.0.2+8) for linux-amd64 JRE (17.0.2+8), built on Jan 20 2022 09:56:58 by "" with gcc 7.5.0

END.
